#
# There is insufficient memory for the Java Runtime Environment to continue.
# Native memory allocation (malloc) failed to allocate 865136 bytes for Chunk::new
# Possible reasons:
#   The system is out of physical RAM or swap space
#   The process is running with CompressedOops enabled, and the Java Heap may be blocking the growth of the native heap
# Possible solutions:
#   Reduce memory load on the system
#   Increase physical memory or swap space
#   Check if swap backing store is full
#   Decrease Java heap size (-Xmx/-Xms)
#   Decrease number of Java threads
#   Decrease Java thread stack sizes (-Xss)
#   Set larger code cache with -XX:ReservedCodeCacheSize=
#   JVM is running with Unscaled Compressed Oops mode in which the Java heap is
#     placed in the first 4GB address space. The Java Heap base address is the
#     maximum limit for the native heap growth. Please use -XX:HeapBaseMinAddress
#     to set the Java Heap base and to place the Java Heap above 4GB virtual address.
# This output file may be truncated or incomplete.
#
#  Out of Memory Error (arena.cpp:168), pid=22428, tid=30184
#
# JRE version: OpenJDK Runtime Environment Temurin-21.0.2+13 (21.0.2+13) (build 21.0.2+13-LTS)
# Java VM: OpenJDK 64-Bit Server VM Temurin-21.0.2+13 (21.0.2+13-LTS, mixed mode, sharing, tiered, compressed oops, compressed class ptrs, g1 gc, windows-amd64)
# No core dump will be written. Minidumps are not enabled by default on client versions of Windows
#

---------------  S U M M A R Y ------------

Command Line: --add-opens=java.base/java.lang=ALL-UNNAMED --add-opens=java.base/java.lang.invoke=ALL-UNNAMED --add-opens=java.base/java.util=ALL-UNNAMED --add-opens=java.prefs/java.util.prefs=ALL-UNNAMED --add-exports=jdk.compiler/com.sun.tools.javac.api=ALL-UNNAMED --add-exports=jdk.compiler/com.sun.tools.javac.util=ALL-UNNAMED --add-opens=java.base/java.util=ALL-UNNAMED --add-opens=java.prefs/java.util.prefs=ALL-UNNAMED --add-opens=java.base/java.nio.charset=ALL-UNNAMED --add-opens=java.base/java.net=ALL-UNNAMED --add-opens=java.base/java.util.concurrent.atomic=ALL-UNNAMED --add-opens=java.xml/javax.xml.namespace=ALL-UNNAMED -XX:MaxMetaspaceSize=384m -XX:+HeapDumpOnOutOfMemoryError -Xms256m -Xmx512m -Dfile.encoding=UTF-8 -Duser.country=US -Duser.language=en -Duser.variant -javaagent:C:\Users\william\.gradle\wrapper\dists\gradle-8.13-bin\5xuhj0ry160q40clulazy9h7d\gradle-8.13\lib\agents\gradle-instrumentation-agent-8.13.jar org.gradle.launcher.daemon.bootstrap.GradleDaemon 8.13

Host: AMD Ryzen 7 4800H with Radeon Graphics         , 16 cores, 7G,  Windows 11 , 64 bit Build 22621 (10.0.22621.5262)
Time: Fri May 23 19:27:38 2025 SE Asia Standard Time elapsed time: 1006.812212 seconds (0d 0h 16m 46s)

---------------  T H R E A D  ---------------

Current thread (0x000001bfca79ecc0):  JavaThread "C2 CompilerThread0" daemon [_thread_in_native, id=30184, stack(0x00000088cba00000,0x00000088cbb00000) (1024K)]


Current CompileTask:
C2:1006812 13681       4       java.lang.String::split (8 bytes)

Stack: [0x00000088cba00000,0x00000088cbb00000]
Native frames: (J=compiled Java code, j=interpreted, Vv=VM code, C=native code)
V  [jvm.dll+0x6c94f9]
V  [jvm.dll+0x8a3c21]
V  [jvm.dll+0x8a614e]
V  [jvm.dll+0x8a6823]
V  [jvm.dll+0x27fa86]
V  [jvm.dll+0xc4a2d]
V  [jvm.dll+0xc4f63]
V  [jvm.dll+0x2f278f]
V  [jvm.dll+0x5f2c9a]
V  [jvm.dll+0x25112f]
V  [jvm.dll+0x249bff]
V  [jvm.dll+0x24747b]
V  [jvm.dll+0x1c847e]
V  [jvm.dll+0x256db9]
V  [jvm.dll+0x25538a]
V  [jvm.dll+0x3ed0d6]
V  [jvm.dll+0x84cb3b]
V  [jvm.dll+0x6c7c2d]
C  [ucrtbase.dll+0x29333]
C  [KERNEL32.DLL+0x1259d]
C  [ntdll.dll+0x5af58]


---------------  P R O C E S S  ---------------

Threads class SMR info:
_java_thread_list=0x000001bfe86729e0, length=68, elements={
0x000001bfacde6320, 0x000001bfca7884c0, 0x000001bfca788f20, 0x000001bfca789f70,
0x000001bfca66c2f0, 0x000001bfca78b200, 0x000001bfca790140, 0x000001bfca79ecc0,
0x000001bfca7bf9d0, 0x000001bfca78f420, 0x000001bfca78d9e0, 0x000001bfca78fab0,
0x000001bfca78ccc0, 0x000001bfca78e070, 0x000001bfe591c2b0, 0x000001bfe591f730,
0x000001bfe5920450, 0x000001bfe591b590, 0x000001bfe5921170, 0x000001bfe591f0a0,
0x000001bfe591cfd0, 0x000001bfe591c940, 0x000001bfe74a26c0, 0x000001bfe749bdc0,
0x000001bfe5b15ca0, 0x000001bfe88ce700, 0x000001bfe88cd9e0, 0x000001bfe88ce070,
0x000001bfe88cc630, 0x000001bfe88d07d0, 0x000001bfe88cccc0, 0x000001bfe88cf420,
0x000001bfe88cbfa0, 0x000001bfe88cd350, 0x000001bfe88d5d20, 0x000001bfe88d35c0,
0x000001bfe88cfab0, 0x000001bfe88d0e60, 0x000001bfe88d1b80, 0x000001bfe88d4970,
0x000001bfe88d0140, 0x000001bfe88ced90, 0x000001bfe88d5690, 0x000001bfe88d6a40,
0x000001bfe88d28a0, 0x000001bfe88d7df0, 0x000001bfe88d63b0, 0x000001bfe88d70d0,
0x000001bfe88d5000, 0x000001bfe88d14f0, 0x000001bfe88d7760, 0x000001bfe88d8480,
0x000001bfe88d8b10, 0x000001bfe88d91a0, 0x000001bfe88d2210, 0x000001bfe88d9830,
0x000001bfe88da550, 0x000001bfe88d42e0, 0x000001bfe88d9ec0, 0x000001bfe88dabe0,
0x000001bfe88d3c50, 0x000001bfe93ff140, 0x000001bfe93ffe60, 0x000001bfe93fc350,
0x000001bfe9401210, 0x000001bfe93ff7d0, 0x000001bfe94018a0, 0x000001bfe94004f0
}

Java Threads: ( => current thread )
  0x000001bfacde6320 JavaThread "main"                              [_thread_blocked, id=7116, stack(0x00000088cac00000,0x00000088cad00000) (1024K)]
  0x000001bfca7884c0 JavaThread "Reference Handler"          daemon [_thread_blocked, id=16280, stack(0x00000088cb400000,0x00000088cb500000) (1024K)]
  0x000001bfca788f20 JavaThread "Finalizer"                  daemon [_thread_blocked, id=19552, stack(0x00000088cb500000,0x00000088cb600000) (1024K)]
  0x000001bfca789f70 JavaThread "Signal Dispatcher"          daemon [_thread_blocked, id=19472, stack(0x00000088cb600000,0x00000088cb700000) (1024K)]
  0x000001bfca66c2f0 JavaThread "Attach Listener"            daemon [_thread_blocked, id=29656, stack(0x00000088cb700000,0x00000088cb800000) (1024K)]
  0x000001bfca78b200 JavaThread "Service Thread"             daemon [_thread_blocked, id=27912, stack(0x00000088cb800000,0x00000088cb900000) (1024K)]
  0x000001bfca790140 JavaThread "Monitor Deflation Thread"   daemon [_thread_blocked, id=9320, stack(0x00000088cb900000,0x00000088cba00000) (1024K)]
=>0x000001bfca79ecc0 JavaThread "C2 CompilerThread0"         daemon [_thread_in_native, id=30184, stack(0x00000088cba00000,0x00000088cbb00000) (1024K)]
  0x000001bfca7bf9d0 JavaThread "C1 CompilerThread0"         daemon [_thread_blocked, id=26692, stack(0x00000088cbb00000,0x00000088cbc00000) (1024K)]
  0x000001bfca78f420 JavaThread "Common-Cleaner"             daemon [_thread_blocked, id=1164, stack(0x00000088cbc00000,0x00000088cbd00000) (1024K)]
  0x000001bfca78d9e0 JavaThread "Notification Thread"        daemon [_thread_blocked, id=20056, stack(0x00000088cbe00000,0x00000088cbf00000) (1024K)]
  0x000001bfca78fab0 JavaThread "Daemon health stats"               [_thread_blocked, id=24068, stack(0x00000088cbf00000,0x00000088cc000000) (1024K)]
  0x000001bfca78ccc0 JavaThread "Incoming local TCP Connector on port 62509"        [_thread_in_native, id=28884, stack(0x00000088cc600000,0x00000088cc700000) (1024K)]
  0x000001bfca78e070 JavaThread "Daemon periodic checks"            [_thread_blocked, id=14448, stack(0x00000088cc700000,0x00000088cc800000) (1024K)]
  0x000001bfe591c2b0 JavaThread "Cache worker for journal cache (C:\Users\william\.gradle\caches\journal-1)"        [_thread_blocked, id=13796, stack(0x00000088ccf00000,0x00000088cd000000) (1024K)]
  0x000001bfe591f730 JavaThread "File lock request listener"        [_thread_in_native, id=14672, stack(0x00000088cd000000,0x00000088cd100000) (1024K)]
  0x000001bfe5920450 JavaThread "Cache worker for file hash cache (C:\Users\william\.gradle\caches\8.13\fileHashes)"        [_thread_blocked, id=10684, stack(0x00000088cd100000,0x00000088cd200000) (1024K)]
  0x000001bfe591b590 JavaThread "File watcher server"        daemon [_thread_in_native, id=592, stack(0x00000088cde00000,0x00000088cdf00000) (1024K)]
  0x000001bfe5921170 JavaThread "File watcher consumer"      daemon [_thread_blocked, id=24740, stack(0x00000088cdf00000,0x00000088ce000000) (1024K)]
  0x000001bfe591f0a0 JavaThread "jar transforms"                    [_thread_blocked, id=23284, stack(0x00000088ce000000,0x00000088ce100000) (1024K)]
  0x000001bfe591cfd0 JavaThread "jar transforms Thread 2"           [_thread_blocked, id=16532, stack(0x00000088ce100000,0x00000088ce200000) (1024K)]
  0x000001bfe591c940 JavaThread "Cache worker for file content cache (C:\Users\william\.gradle\caches\8.13\fileContent)"        [_thread_blocked, id=8228, stack(0x00000088ce300000,0x00000088ce400000) (1024K)]
  0x000001bfe74a26c0 JavaThread "jar transforms Thread 3"           [_thread_blocked, id=15616, stack(0x00000088ce400000,0x00000088ce500000) (1024K)]
  0x000001bfe749bdc0 JavaThread "jar transforms Thread 4"           [_thread_blocked, id=7964, stack(0x00000088ce900000,0x00000088cea00000) (1024K)]
  0x000001bfe5b15ca0 JavaThread "Memory manager"                    [_thread_blocked, id=7128, stack(0x00000088cc500000,0x00000088cc600000) (1024K)]
  0x000001bfe88ce700 JavaThread "Daemon Thread 3"                   [_thread_blocked, id=7632, stack(0x00000088ca900000,0x00000088caa00000) (1024K)]
  0x000001bfe88cd9e0 JavaThread "Handler for socket connection from /127.0.0.1:62509 to /127.0.0.1:63670"        [_thread_in_native, id=16368, stack(0x00000088caa00000,0x00000088cab00000) (1024K)]
  0x000001bfe88ce070 JavaThread "Cancel handler"                    [_thread_blocked, id=21412, stack(0x00000088cab00000,0x00000088cac00000) (1024K)]
  0x000001bfe88cc630 JavaThread "Daemon worker Thread 3"            [_thread_in_Java, id=21224, stack(0x00000088cbd00000,0x00000088cbe00000) (1024K)]
  0x000001bfe88d07d0 JavaThread "Asynchronous log dispatcher for DefaultDaemonConnection: socket connection from /127.0.0.1:62509 to /127.0.0.1:63670"        [_thread_blocked, id=22692, stack(0x00000088cc800000,0x00000088cc900000) (1024K)]
  0x000001bfe88cccc0 JavaThread "Stdin handler"                     [_thread_blocked, id=10728, stack(0x00000088cc900000,0x00000088cca00000) (1024K)]
  0x000001bfe88cf420 JavaThread "Daemon client event forwarder"        [_thread_blocked, id=13072, stack(0x00000088cca00000,0x00000088ccb00000) (1024K)]
  0x000001bfe88cbfa0 JavaThread "Cache worker for file hash cache (C:\Users\william\Documents\Kuliah\Semester 4\ADPRO\papikos\papikos-be\.gradle\8.13\fileHashes)"        [_thread_blocked, id=28788, stack(0x00000088ccb00000,0x00000088ccc00000) (1024K)]
  0x000001bfe88cd350 JavaThread "Cache worker for Build Output Cleanup Cache (C:\Users\william\Documents\Kuliah\Semester 4\ADPRO\papikos\papikos-be\.gradle\buildOutputCleanup)"        [_thread_blocked, id=18276, stack(0x00000088ccc00000,0x00000088ccd00000) (1024K)]
  0x000001bfe88d5d20 JavaThread "Cache worker for checksums cache (C:\Users\william\Documents\Kuliah\Semester 4\ADPRO\papikos\papikos-be\.gradle\8.13\checksums)"        [_thread_blocked, id=23640, stack(0x00000088ccd00000,0x00000088cce00000) (1024K)]
  0x000001bfe88d35c0 JavaThread "Cache worker for cache directory md-supplier (C:\Users\william\.gradle\caches\8.13\md-supplier)"        [_thread_blocked, id=12712, stack(0x00000088cce00000,0x00000088ccf00000) (1024K)]
  0x000001bfe88cfab0 JavaThread "Cache worker for cache directory md-rule (C:\Users\william\.gradle\caches\8.13\md-rule)"        [_thread_blocked, id=5164, stack(0x00000088cd200000,0x00000088cd300000) (1024K)]
  0x000001bfe88d0e60 JavaThread "Unconstrained build operations"        [_thread_blocked, id=26300, stack(0x00000088cdc00000,0x00000088cdd00000) (1024K)]
  0x000001bfe88d1b80 JavaThread "Unconstrained build operations Thread 2"        [_thread_blocked, id=26864, stack(0x00000088ce200000,0x00000088ce300000) (1024K)]
  0x000001bfe88d4970 JavaThread "Unconstrained build operations Thread 3"        [_thread_blocked, id=16620, stack(0x00000088ce500000,0x00000088ce600000) (1024K)]
  0x000001bfe88d0140 JavaThread "Unconstrained build operations Thread 4"        [_thread_blocked, id=23628, stack(0x00000088ce600000,0x00000088ce700000) (1024K)]
  0x000001bfe88ced90 JavaThread "Unconstrained build operations Thread 5"        [_thread_blocked, id=24012, stack(0x00000088ce700000,0x00000088ce800000) (1024K)]
  0x000001bfe88d5690 JavaThread "Unconstrained build operations Thread 6"        [_thread_blocked, id=9688, stack(0x00000088ce800000,0x00000088ce900000) (1024K)]
  0x000001bfe88d6a40 JavaThread "Unconstrained build operations Thread 7"        [_thread_blocked, id=10928, stack(0x00000088cea00000,0x00000088ceb00000) (1024K)]
  0x000001bfe88d28a0 JavaThread "Unconstrained build operations Thread 8"        [_thread_blocked, id=18672, stack(0x00000088ceb00000,0x00000088cec00000) (1024K)]
  0x000001bfe88d7df0 JavaThread "Unconstrained build operations Thread 9"        [_thread_blocked, id=6604, stack(0x00000088cec00000,0x00000088ced00000) (1024K)]
  0x000001bfe88d63b0 JavaThread "Unconstrained build operations Thread 10"        [_thread_blocked, id=23952, stack(0x00000088ced00000,0x00000088cee00000) (1024K)]
  0x000001bfe88d70d0 JavaThread "Unconstrained build operations Thread 11"        [_thread_blocked, id=3068, stack(0x00000088cee00000,0x00000088cef00000) (1024K)]
  0x000001bfe88d5000 JavaThread "Unconstrained build operations Thread 12"        [_thread_blocked, id=13648, stack(0x00000088cef00000,0x00000088cf000000) (1024K)]
  0x000001bfe88d14f0 JavaThread "Unconstrained build operations Thread 13"        [_thread_blocked, id=14312, stack(0x00000088cf000000,0x00000088cf100000) (1024K)]
  0x000001bfe88d7760 JavaThread "Unconstrained build operations Thread 14"        [_thread_blocked, id=25032, stack(0x00000088cf100000,0x00000088cf200000) (1024K)]
  0x000001bfe88d8480 JavaThread "Unconstrained build operations Thread 15"        [_thread_blocked, id=3812, stack(0x00000088cf200000,0x00000088cf300000) (1024K)]
  0x000001bfe88d8b10 JavaThread "Unconstrained build operations Thread 16"        [_thread_blocked, id=20400, stack(0x00000088cf300000,0x00000088cf400000) (1024K)]
  0x000001bfe88d91a0 JavaThread "Unconstrained build operations Thread 17"        [_thread_blocked, id=25344, stack(0x00000088cdd00000,0x00000088cde00000) (1024K)]
  0x000001bfe88d2210 JavaThread "Unconstrained build operations Thread 18"        [_thread_blocked, id=19948, stack(0x00000088cf400000,0x00000088cf500000) (1024K)]
  0x000001bfe88d9830 JavaThread "Unconstrained build operations Thread 19"        [_thread_blocked, id=14328, stack(0x00000088cf500000,0x00000088cf600000) (1024K)]
  0x000001bfe88da550 JavaThread "Unconstrained build operations Thread 20"        [_thread_blocked, id=15768, stack(0x00000088cf600000,0x00000088cf700000) (1024K)]
  0x000001bfe88d42e0 JavaThread "Unconstrained build operations Thread 21"        [_thread_blocked, id=7304, stack(0x00000088cf700000,0x00000088cf800000) (1024K)]
  0x000001bfe88d9ec0 JavaThread "Unconstrained build operations Thread 22"        [_thread_blocked, id=6500, stack(0x00000088cf800000,0x00000088cf900000) (1024K)]
  0x000001bfe88dabe0 JavaThread "Unconstrained build operations Thread 23"        [_thread_blocked, id=17200, stack(0x00000088cf900000,0x00000088cfa00000) (1024K)]
  0x000001bfe88d3c50 JavaThread "Unconstrained build operations Thread 24"        [_thread_blocked, id=15560, stack(0x00000088cfa00000,0x00000088cfb00000) (1024K)]
  0x000001bfe93ff140 JavaThread "Unconstrained build operations Thread 25"        [_thread_blocked, id=31532, stack(0x00000088cfb00000,0x00000088cfc00000) (1024K)]
  0x000001bfe93ffe60 JavaThread "Unconstrained build operations Thread 26"        [_thread_blocked, id=26492, stack(0x00000088cfc00000,0x00000088cfd00000) (1024K)]
  0x000001bfe93fc350 JavaThread "Unconstrained build operations Thread 27"        [_thread_blocked, id=9288, stack(0x00000088cfd00000,0x00000088cfe00000) (1024K)]
  0x000001bfe9401210 JavaThread "Unconstrained build operations Thread 28"        [_thread_blocked, id=2868, stack(0x00000088cfe00000,0x00000088cff00000) (1024K)]
  0x000001bfe93ff7d0 JavaThread "Unconstrained build operations Thread 29"        [_thread_blocked, id=7584, stack(0x00000088cff00000,0x00000088d0000000) (1024K)]
  0x000001bfe94018a0 JavaThread "Unconstrained build operations Thread 30"        [_thread_blocked, id=4988, stack(0x00000088d0000000,0x00000088d0100000) (1024K)]
  0x000001bfe94004f0 JavaThread "Unconstrained build operations Thread 31"        [_thread_blocked, id=21120, stack(0x00000088d0100000,0x00000088d0200000) (1024K)]
Total: 68

Other Threads:
  0x000001bfca6549e0 VMThread "VM Thread"                           [id=26048, stack(0x00000088cb300000,0x00000088cb400000) (1024K)]
  0x000001bfca63d160 WatcherThread "VM Periodic Task Thread"        [id=14444, stack(0x00000088cb200000,0x00000088cb300000) (1024K)]
  0x000001bface0ef20 WorkerThread "GC Thread#0"                     [id=3908, stack(0x00000088cad00000,0x00000088cae00000) (1024K)]
  0x000001bfe41f6560 WorkerThread "GC Thread#1"                     [id=16808, stack(0x00000088cc000000,0x00000088cc100000) (1024K)]
  0x000001bfe4084fe0 WorkerThread "GC Thread#2"                     [id=2292, stack(0x00000088cc100000,0x00000088cc200000) (1024K)]
  0x000001bfe4085380 WorkerThread "GC Thread#3"                     [id=1068, stack(0x00000088cc200000,0x00000088cc300000) (1024K)]
  0x000001bfe4085720 WorkerThread "GC Thread#4"                     [id=21468, stack(0x00000088cc300000,0x00000088cc400000) (1024K)]
  0x000001bfe4085ac0 WorkerThread "GC Thread#5"                     [id=20760, stack(0x00000088cc400000,0x00000088cc500000) (1024K)]
  0x000001bfe75de200 WorkerThread "GC Thread#6"                     [id=30932, stack(0x00000088cd300000,0x00000088cd400000) (1024K)]
  0x000001bfe75dde60 WorkerThread "GC Thread#7"                     [id=14208, stack(0x00000088cd400000,0x00000088cd500000) (1024K)]
  0x000001bfe75de5a0 WorkerThread "GC Thread#8"                     [id=5876, stack(0x00000088cd500000,0x00000088cd600000) (1024K)]
  0x000001bfe75de940 WorkerThread "GC Thread#9"                     [id=29528, stack(0x00000088cd600000,0x00000088cd700000) (1024K)]
  0x000001bfe75dece0 WorkerThread "GC Thread#10"                    [id=3132, stack(0x00000088cd700000,0x00000088cd800000) (1024K)]
  0x000001bfe75df080 WorkerThread "GC Thread#11"                    [id=30588, stack(0x00000088cd800000,0x00000088cd900000) (1024K)]
  0x000001bfe61fa360 WorkerThread "GC Thread#12"                    [id=13908, stack(0x00000088cd900000,0x00000088cda00000) (1024K)]
  0x000001bface13e10 ConcurrentGCThread "G1 Main Marker"            [id=29556, stack(0x00000088cae00000,0x00000088caf00000) (1024K)]
  0x000001bface162c0 WorkerThread "G1 Conc#0"                       [id=20764, stack(0x00000088caf00000,0x00000088cb000000) (1024K)]
  0x000001bfe61fa700 WorkerThread "G1 Conc#1"                       [id=9220, stack(0x00000088cda00000,0x00000088cdb00000) (1024K)]
  0x000001bfe61fd280 WorkerThread "G1 Conc#2"                       [id=26916, stack(0x00000088cdb00000,0x00000088cdc00000) (1024K)]
  0x000001bface9eaa0 ConcurrentGCThread "G1 Refine#0"               [id=30644, stack(0x00000088cb000000,0x00000088cb100000) (1024K)]
  0x000001bfca50c9d0 ConcurrentGCThread "G1 Service"                [id=21960, stack(0x00000088cb100000,0x00000088cb200000) (1024K)]
Total: 21

Threads with active compile tasks:
C2 CompilerThread0  1007151 13681       4       java.lang.String::split (8 bytes)
Total: 1

VM state: not at safepoint (normal execution)

VM Mutex/Monitor currently owned by a thread: None

Heap address: 0x00000000e0000000, size: 512 MB, Compressed Oops mode: 32-bit

CDS archive(s) mapped at: [0x000001bfcb000000-0x000001bfcbc90000-0x000001bfcbc90000), size 13172736, SharedBaseAddress: 0x000001bfcb000000, ArchiveRelocationMode: 1.
Compressed class space mapped at: 0x000001bfcc000000-0x000001bfe0000000, reserved size: 335544320
Narrow klass base: 0x000001bfcb000000, Narrow klass shift: 0, Narrow klass range: 0x100000000

GC Precious Log:
 CardTable entry size: 512
 Card Set container configuration: InlinePtr #cards 5 size 8 Array Of Cards #cards 12 size 40 Howl #buckets 4 coarsen threshold 1843 Howl Bitmap #cards 512 size 80 coarsen threshold 460 Card regions per heap region 1 cards per card region 2048
 CPUs: 16 total, 16 available
 Memory: 7597M
 Large Page Support: Disabled
 NUMA Support: Disabled
 Compressed Oops: Enabled (32-bit)
 Heap Region Size: 1M
 Heap Min Capacity: 256M
 Heap Initial Capacity: 256M
 Heap Max Capacity: 512M
 Pre-touch: Disabled
 Parallel Workers: 13
 Concurrent Workers: 3
 Concurrent Refinement Workers: 13
 Periodic GC: Disabled

Heap:
 garbage-first heap   total 262144K, used 194446K [0x00000000e0000000, 0x0000000100000000)
  region size 1024K, 148 young (151552K), 19 survivors (19456K)
 Metaspace       used 70824K, committed 73152K, reserved 393216K
  class space    used 9892K, committed 11072K, reserved 327680K

Heap Regions: E=young(eden), S=young(survivor), O=old, HS=humongous(starts), HC=humongous(continues), CS=collection set, F=free, TAMS=top-at-mark-start, PB=parsable bottom
|   0|0x00000000e0000000, 0x00000000e0100000, 0x00000000e0100000|100%|HS|  |TAMS 0x00000000e0000000| PB 0x00000000e0000000| Complete 
|   1|0x00000000e0100000, 0x00000000e0200000, 0x00000000e0200000|100%|HC|  |TAMS 0x00000000e0100000| PB 0x00000000e0100000| Complete 
|   2|0x00000000e0200000, 0x00000000e0300000, 0x00000000e0300000|100%|HC|  |TAMS 0x00000000e0200000| PB 0x00000000e0200000| Complete 
|   3|0x00000000e0300000, 0x00000000e0400000, 0x00000000e0400000|100%| O|  |TAMS 0x00000000e0300000| PB 0x00000000e0300000| Untracked 
|   4|0x00000000e0400000, 0x00000000e0500000, 0x00000000e0500000|100%| O|  |TAMS 0x00000000e0400000| PB 0x00000000e0400000| Untracked 
|   5|0x00000000e0500000, 0x00000000e0600000, 0x00000000e0600000|100%| O|  |TAMS 0x00000000e0500000| PB 0x00000000e0500000| Untracked 
|   6|0x00000000e0600000, 0x00000000e0700000, 0x00000000e0700000|100%|HS|  |TAMS 0x00000000e0600000| PB 0x00000000e0600000| Complete 
|   7|0x00000000e0700000, 0x00000000e0800000, 0x00000000e0800000|100%| O|  |TAMS 0x00000000e0700000| PB 0x00000000e0700000| Untracked 
|   8|0x00000000e0800000, 0x00000000e0900000, 0x00000000e0900000|100%| O|  |TAMS 0x00000000e0800000| PB 0x00000000e0800000| Untracked 
|   9|0x00000000e0900000, 0x00000000e0a00000, 0x00000000e0a00000|100%| O|  |TAMS 0x00000000e0900000| PB 0x00000000e0900000| Untracked 
|  10|0x00000000e0a00000, 0x00000000e0b00000, 0x00000000e0b00000|100%| O|  |TAMS 0x00000000e0a00000| PB 0x00000000e0a00000| Untracked 
|  11|0x00000000e0b00000, 0x00000000e0c00000, 0x00000000e0c00000|100%| O|  |TAMS 0x00000000e0b00000| PB 0x00000000e0b00000| Untracked 
|  12|0x00000000e0c00000, 0x00000000e0d00000, 0x00000000e0d00000|100%| O|  |TAMS 0x00000000e0c00000| PB 0x00000000e0c00000| Untracked 
|  13|0x00000000e0d00000, 0x00000000e0e00000, 0x00000000e0e00000|100%| O|  |TAMS 0x00000000e0d00000| PB 0x00000000e0d00000| Untracked 
|  14|0x00000000e0e00000, 0x00000000e0f00000, 0x00000000e0f00000|100%| O|  |TAMS 0x00000000e0e00000| PB 0x00000000e0e00000| Untracked 
|  15|0x00000000e0f00000, 0x00000000e1000000, 0x00000000e1000000|100%| O|  |TAMS 0x00000000e0f00000| PB 0x00000000e0f00000| Untracked 
|  16|0x00000000e1000000, 0x00000000e1100000, 0x00000000e1100000|100%| O|  |TAMS 0x00000000e1000000| PB 0x00000000e1000000| Untracked 
|  17|0x00000000e1100000, 0x00000000e1200000, 0x00000000e1200000|100%| O|  |TAMS 0x00000000e1100000| PB 0x00000000e1100000| Untracked 
|  18|0x00000000e1200000, 0x00000000e1300000, 0x00000000e1300000|100%| O|  |TAMS 0x00000000e1200000| PB 0x00000000e1200000| Untracked 
|  19|0x00000000e1300000, 0x00000000e1400000, 0x00000000e1400000|100%| O|  |TAMS 0x00000000e1300000| PB 0x00000000e1300000| Untracked 
|  20|0x00000000e1400000, 0x00000000e1500000, 0x00000000e1500000|100%| O|  |TAMS 0x00000000e1400000| PB 0x00000000e1400000| Untracked 
|  21|0x00000000e1500000, 0x00000000e1600000, 0x00000000e1600000|100%| O|  |TAMS 0x00000000e1500000| PB 0x00000000e1500000| Untracked 
|  22|0x00000000e1600000, 0x00000000e1700000, 0x00000000e1700000|100%| O|  |TAMS 0x00000000e1600000| PB 0x00000000e1600000| Untracked 
|  23|0x00000000e1700000, 0x00000000e1800000, 0x00000000e1800000|100%| O|  |TAMS 0x00000000e1700000| PB 0x00000000e1700000| Untracked 
|  24|0x00000000e1800000, 0x00000000e1900000, 0x00000000e1900000|100%| O|  |TAMS 0x00000000e1800000| PB 0x00000000e1800000| Untracked 
|  25|0x00000000e1900000, 0x00000000e1a00000, 0x00000000e1a00000|100%| O|  |TAMS 0x00000000e1900000| PB 0x00000000e1900000| Untracked 
|  26|0x00000000e1a00000, 0x00000000e1b00000, 0x00000000e1b00000|100%| O|  |TAMS 0x00000000e1a00000| PB 0x00000000e1a00000| Untracked 
|  27|0x00000000e1b00000, 0x00000000e1c00000, 0x00000000e1c00000|100%| O|  |TAMS 0x00000000e1b00000| PB 0x00000000e1b00000| Untracked 
|  28|0x00000000e1c00000, 0x00000000e1d00000, 0x00000000e1d00000|100%| O|  |TAMS 0x00000000e1c00000| PB 0x00000000e1c00000| Untracked 
|  29|0x00000000e1d00000, 0x00000000e1e00000, 0x00000000e1e00000|100%| O|  |TAMS 0x00000000e1d00000| PB 0x00000000e1d00000| Untracked 
|  30|0x00000000e1e00000, 0x00000000e1e00000, 0x00000000e1f00000|  0%| F|  |TAMS 0x00000000e1e00000| PB 0x00000000e1e00000| Untracked 
|  31|0x00000000e1f00000, 0x00000000e2000000, 0x00000000e2000000|100%| O|  |TAMS 0x00000000e1f00000| PB 0x00000000e1f00000| Untracked 
|  32|0x00000000e2000000, 0x00000000e2100000, 0x00000000e2100000|100%| O|  |TAMS 0x00000000e2000000| PB 0x00000000e2000000| Untracked 
|  33|0x00000000e2100000, 0x00000000e2200000, 0x00000000e2200000|100%| O|  |TAMS 0x00000000e2100000| PB 0x00000000e2100000| Untracked 
|  34|0x00000000e2200000, 0x00000000e2300000, 0x00000000e2300000|100%| O|  |TAMS 0x00000000e2200000| PB 0x00000000e2200000| Untracked 
|  35|0x00000000e2300000, 0x00000000e2400000, 0x00000000e2400000|100%| O|  |TAMS 0x00000000e2300000| PB 0x00000000e2300000| Untracked 
|  36|0x00000000e2400000, 0x00000000e2500000, 0x00000000e2500000|100%| O|  |TAMS 0x00000000e2400000| PB 0x00000000e2400000| Untracked 
|  37|0x00000000e2500000, 0x00000000e2600000, 0x00000000e2600000|100%| O|  |TAMS 0x00000000e2500000| PB 0x00000000e2500000| Untracked 
|  38|0x00000000e2600000, 0x00000000e2700000, 0x00000000e2700000|100%| O|  |TAMS 0x00000000e2600000| PB 0x00000000e2600000| Untracked 
|  39|0x00000000e2700000, 0x00000000e2800000, 0x00000000e2800000|100%| O|  |TAMS 0x00000000e2700000| PB 0x00000000e2700000| Untracked 
|  40|0x00000000e2800000, 0x00000000e2900000, 0x00000000e2900000|100%| O|  |TAMS 0x00000000e2800000| PB 0x00000000e2800000| Untracked 
|  41|0x00000000e2900000, 0x00000000e2a00000, 0x00000000e2a00000|100%| O|  |TAMS 0x00000000e2900000| PB 0x00000000e2900000| Untracked 
|  42|0x00000000e2a00000, 0x00000000e2b00000, 0x00000000e2b00000|100%| O|  |TAMS 0x00000000e2a00000| PB 0x00000000e2a00000| Untracked 
|  43|0x00000000e2b00000, 0x00000000e2c00000, 0x00000000e2c00000|100%| O|  |TAMS 0x00000000e2b00000| PB 0x00000000e2b00000| Untracked 
|  44|0x00000000e2c00000, 0x00000000e2d00000, 0x00000000e2d00000|100%| O|  |TAMS 0x00000000e2c00000| PB 0x00000000e2c00000| Untracked 
|  45|0x00000000e2d00000, 0x00000000e2d45650, 0x00000000e2e00000| 27%| O|  |TAMS 0x00000000e2d00000| PB 0x00000000e2d00000| Untracked 
|  46|0x00000000e2e00000, 0x00000000e2e00000, 0x00000000e2f00000|  0%| F|  |TAMS 0x00000000e2e00000| PB 0x00000000e2e00000| Untracked 
|  47|0x00000000e2f00000, 0x00000000e2f00000, 0x00000000e3000000|  0%| F|  |TAMS 0x00000000e2f00000| PB 0x00000000e2f00000| Untracked 
|  48|0x00000000e3000000, 0x00000000e3000000, 0x00000000e3100000|  0%| F|  |TAMS 0x00000000e3000000| PB 0x00000000e3000000| Untracked 
|  49|0x00000000e3100000, 0x00000000e3100000, 0x00000000e3200000|  0%| F|  |TAMS 0x00000000e3100000| PB 0x00000000e3100000| Untracked 
|  50|0x00000000e3200000, 0x00000000e3200000, 0x00000000e3300000|  0%| F|  |TAMS 0x00000000e3200000| PB 0x00000000e3200000| Untracked 
|  51|0x00000000e3300000, 0x00000000e3300000, 0x00000000e3400000|  0%| F|  |TAMS 0x00000000e3300000| PB 0x00000000e3300000| Untracked 
|  52|0x00000000e3400000, 0x00000000e3400000, 0x00000000e3500000|  0%| F|  |TAMS 0x00000000e3400000| PB 0x00000000e3400000| Untracked 
|  53|0x00000000e3500000, 0x00000000e3500000, 0x00000000e3600000|  0%| F|  |TAMS 0x00000000e3500000| PB 0x00000000e3500000| Untracked 
|  54|0x00000000e3600000, 0x00000000e3600000, 0x00000000e3700000|  0%| F|  |TAMS 0x00000000e3600000| PB 0x00000000e3600000| Untracked 
|  55|0x00000000e3700000, 0x00000000e3700000, 0x00000000e3800000|  0%| F|  |TAMS 0x00000000e3700000| PB 0x00000000e3700000| Untracked 
|  56|0x00000000e3800000, 0x00000000e3800000, 0x00000000e3900000|  0%| F|  |TAMS 0x00000000e3800000| PB 0x00000000e3800000| Untracked 
|  57|0x00000000e3900000, 0x00000000e3900000, 0x00000000e3a00000|  0%| F|  |TAMS 0x00000000e3900000| PB 0x00000000e3900000| Untracked 
|  58|0x00000000e3a00000, 0x00000000e3a00000, 0x00000000e3b00000|  0%| F|  |TAMS 0x00000000e3a00000| PB 0x00000000e3a00000| Untracked 
|  59|0x00000000e3b00000, 0x00000000e3b00000, 0x00000000e3c00000|  0%| F|  |TAMS 0x00000000e3b00000| PB 0x00000000e3b00000| Untracked 
|  60|0x00000000e3c00000, 0x00000000e3c00000, 0x00000000e3d00000|  0%| F|  |TAMS 0x00000000e3c00000| PB 0x00000000e3c00000| Untracked 
|  61|0x00000000e3d00000, 0x00000000e3d00000, 0x00000000e3e00000|  0%| F|  |TAMS 0x00000000e3d00000| PB 0x00000000e3d00000| Untracked 
|  62|0x00000000e3e00000, 0x00000000e3e00000, 0x00000000e3f00000|  0%| F|  |TAMS 0x00000000e3e00000| PB 0x00000000e3e00000| Untracked 
|  63|0x00000000e3f00000, 0x00000000e3f00000, 0x00000000e4000000|  0%| F|  |TAMS 0x00000000e3f00000| PB 0x00000000e3f00000| Untracked 
|  64|0x00000000e4000000, 0x00000000e4000000, 0x00000000e4100000|  0%| F|  |TAMS 0x00000000e4000000| PB 0x00000000e4000000| Untracked 
|  65|0x00000000e4100000, 0x00000000e4100000, 0x00000000e4200000|  0%| F|  |TAMS 0x00000000e4100000| PB 0x00000000e4100000| Untracked 
|  66|0x00000000e4200000, 0x00000000e4200000, 0x00000000e4300000|  0%| F|  |TAMS 0x00000000e4200000| PB 0x00000000e4200000| Untracked 
|  67|0x00000000e4300000, 0x00000000e4300000, 0x00000000e4400000|  0%| F|  |TAMS 0x00000000e4300000| PB 0x00000000e4300000| Untracked 
|  68|0x00000000e4400000, 0x00000000e4400000, 0x00000000e4500000|  0%| F|  |TAMS 0x00000000e4400000| PB 0x00000000e4400000| Untracked 
|  69|0x00000000e4500000, 0x00000000e4500000, 0x00000000e4600000|  0%| F|  |TAMS 0x00000000e4500000| PB 0x00000000e4500000| Untracked 
|  70|0x00000000e4600000, 0x00000000e4600000, 0x00000000e4700000|  0%| F|  |TAMS 0x00000000e4600000| PB 0x00000000e4600000| Untracked 
|  71|0x00000000e4700000, 0x00000000e4700000, 0x00000000e4800000|  0%| F|  |TAMS 0x00000000e4700000| PB 0x00000000e4700000| Untracked 
|  72|0x00000000e4800000, 0x00000000e4800000, 0x00000000e4900000|  0%| F|  |TAMS 0x00000000e4800000| PB 0x00000000e4800000| Untracked 
|  73|0x00000000e4900000, 0x00000000e4900000, 0x00000000e4a00000|  0%| F|  |TAMS 0x00000000e4900000| PB 0x00000000e4900000| Untracked 
|  74|0x00000000e4a00000, 0x00000000e4a00000, 0x00000000e4b00000|  0%| F|  |TAMS 0x00000000e4a00000| PB 0x00000000e4a00000| Untracked 
|  75|0x00000000e4b00000, 0x00000000e4b00000, 0x00000000e4c00000|  0%| F|  |TAMS 0x00000000e4b00000| PB 0x00000000e4b00000| Untracked 
|  76|0x00000000e4c00000, 0x00000000e4c00000, 0x00000000e4d00000|  0%| F|  |TAMS 0x00000000e4c00000| PB 0x00000000e4c00000| Untracked 
|  77|0x00000000e4d00000, 0x00000000e4d00000, 0x00000000e4e00000|  0%| F|  |TAMS 0x00000000e4d00000| PB 0x00000000e4d00000| Untracked 
|  78|0x00000000e4e00000, 0x00000000e4e00000, 0x00000000e4f00000|  0%| F|  |TAMS 0x00000000e4e00000| PB 0x00000000e4e00000| Untracked 
|  79|0x00000000e4f00000, 0x00000000e4f00000, 0x00000000e5000000|  0%| F|  |TAMS 0x00000000e4f00000| PB 0x00000000e4f00000| Untracked 
|  80|0x00000000e5000000, 0x00000000e5000000, 0x00000000e5100000|  0%| F|  |TAMS 0x00000000e5000000| PB 0x00000000e5000000| Untracked 
|  81|0x00000000e5100000, 0x00000000e5100000, 0x00000000e5200000|  0%| F|  |TAMS 0x00000000e5100000| PB 0x00000000e5100000| Untracked 
|  82|0x00000000e5200000, 0x00000000e5200000, 0x00000000e5300000|  0%| F|  |TAMS 0x00000000e5200000| PB 0x00000000e5200000| Untracked 
|  83|0x00000000e5300000, 0x00000000e5300000, 0x00000000e5400000|  0%| F|  |TAMS 0x00000000e5300000| PB 0x00000000e5300000| Untracked 
|  84|0x00000000e5400000, 0x00000000e549e538, 0x00000000e5500000| 61%| S|CS|TAMS 0x00000000e5400000| PB 0x00000000e5400000| Complete 
|  85|0x00000000e5500000, 0x00000000e5500000, 0x00000000e5600000|  0%| F|  |TAMS 0x00000000e5500000| PB 0x00000000e5500000| Untracked 
|  86|0x00000000e5600000, 0x00000000e5600000, 0x00000000e5700000|  0%| F|  |TAMS 0x00000000e5600000| PB 0x00000000e5600000| Untracked 
|  87|0x00000000e5700000, 0x00000000e5700000, 0x00000000e5800000|  0%| F|  |TAMS 0x00000000e5700000| PB 0x00000000e5700000| Untracked 
|  88|0x00000000e5800000, 0x00000000e5800000, 0x00000000e5900000|  0%| F|  |TAMS 0x00000000e5800000| PB 0x00000000e5800000| Untracked 
|  89|0x00000000e5900000, 0x00000000e5900000, 0x00000000e5a00000|  0%| F|  |TAMS 0x00000000e5900000| PB 0x00000000e5900000| Untracked 
|  90|0x00000000e5a00000, 0x00000000e5a00000, 0x00000000e5b00000|  0%| F|  |TAMS 0x00000000e5a00000| PB 0x00000000e5a00000| Untracked 
|  91|0x00000000e5b00000, 0x00000000e5b00000, 0x00000000e5c00000|  0%| F|  |TAMS 0x00000000e5b00000| PB 0x00000000e5b00000| Untracked 
|  92|0x00000000e5c00000, 0x00000000e5c00000, 0x00000000e5d00000|  0%| F|  |TAMS 0x00000000e5c00000| PB 0x00000000e5c00000| Untracked 
|  93|0x00000000e5d00000, 0x00000000e5d00000, 0x00000000e5e00000|  0%| F|  |TAMS 0x00000000e5d00000| PB 0x00000000e5d00000| Untracked 
|  94|0x00000000e5e00000, 0x00000000e5e00000, 0x00000000e5f00000|  0%| F|  |TAMS 0x00000000e5e00000| PB 0x00000000e5e00000| Untracked 
|  95|0x00000000e5f00000, 0x00000000e5f00000, 0x00000000e6000000|  0%| F|  |TAMS 0x00000000e5f00000| PB 0x00000000e5f00000| Untracked 
|  96|0x00000000e6000000, 0x00000000e6000000, 0x00000000e6100000|  0%| F|  |TAMS 0x00000000e6000000| PB 0x00000000e6000000| Untracked 
|  97|0x00000000e6100000, 0x00000000e6100000, 0x00000000e6200000|  0%| F|  |TAMS 0x00000000e6100000| PB 0x00000000e6100000| Untracked 
|  98|0x00000000e6200000, 0x00000000e6200000, 0x00000000e6300000|  0%| F|  |TAMS 0x00000000e6200000| PB 0x00000000e6200000| Untracked 
|  99|0x00000000e6300000, 0x00000000e6300000, 0x00000000e6400000|  0%| F|  |TAMS 0x00000000e6300000| PB 0x00000000e6300000| Untracked 
| 100|0x00000000e6400000, 0x00000000e6400000, 0x00000000e6500000|  0%| F|  |TAMS 0x00000000e6400000| PB 0x00000000e6400000| Untracked 
| 101|0x00000000e6500000, 0x00000000e6500000, 0x00000000e6600000|  0%| F|  |TAMS 0x00000000e6500000| PB 0x00000000e6500000| Untracked 
| 102|0x00000000e6600000, 0x00000000e6600000, 0x00000000e6700000|  0%| F|  |TAMS 0x00000000e6600000| PB 0x00000000e6600000| Untracked 
| 103|0x00000000e6700000, 0x00000000e6800000, 0x00000000e6800000|100%| S|CS|TAMS 0x00000000e6700000| PB 0x00000000e6700000| Complete 
| 104|0x00000000e6800000, 0x00000000e6900000, 0x00000000e6900000|100%| S|CS|TAMS 0x00000000e6800000| PB 0x00000000e6800000| Complete 
| 105|0x00000000e6900000, 0x00000000e6a00000, 0x00000000e6a00000|100%| S|CS|TAMS 0x00000000e6900000| PB 0x00000000e6900000| Complete 
| 106|0x00000000e6a00000, 0x00000000e6b00000, 0x00000000e6b00000|100%| S|CS|TAMS 0x00000000e6a00000| PB 0x00000000e6a00000| Complete 
| 107|0x00000000e6b00000, 0x00000000e6c00000, 0x00000000e6c00000|100%| S|CS|TAMS 0x00000000e6b00000| PB 0x00000000e6b00000| Complete 
| 108|0x00000000e6c00000, 0x00000000e6d00000, 0x00000000e6d00000|100%| S|CS|TAMS 0x00000000e6c00000| PB 0x00000000e6c00000| Complete 
| 109|0x00000000e6d00000, 0x00000000e6e00000, 0x00000000e6e00000|100%| S|CS|TAMS 0x00000000e6d00000| PB 0x00000000e6d00000| Complete 
| 110|0x00000000e6e00000, 0x00000000e6f00000, 0x00000000e6f00000|100%| S|CS|TAMS 0x00000000e6e00000| PB 0x00000000e6e00000| Complete 
| 111|0x00000000e6f00000, 0x00000000e7000000, 0x00000000e7000000|100%| S|CS|TAMS 0x00000000e6f00000| PB 0x00000000e6f00000| Complete 
| 112|0x00000000e7000000, 0x00000000e7100000, 0x00000000e7100000|100%| S|CS|TAMS 0x00000000e7000000| PB 0x00000000e7000000| Complete 
| 113|0x00000000e7100000, 0x00000000e7200000, 0x00000000e7200000|100%| S|CS|TAMS 0x00000000e7100000| PB 0x00000000e7100000| Complete 
| 114|0x00000000e7200000, 0x00000000e7300000, 0x00000000e7300000|100%| S|CS|TAMS 0x00000000e7200000| PB 0x00000000e7200000| Complete 
| 115|0x00000000e7300000, 0x00000000e7400000, 0x00000000e7400000|100%| S|CS|TAMS 0x00000000e7300000| PB 0x00000000e7300000| Complete 
| 116|0x00000000e7400000, 0x00000000e7500000, 0x00000000e7500000|100%| S|CS|TAMS 0x00000000e7400000| PB 0x00000000e7400000| Complete 
| 117|0x00000000e7500000, 0x00000000e7600000, 0x00000000e7600000|100%| S|CS|TAMS 0x00000000e7500000| PB 0x00000000e7500000| Complete 
| 118|0x00000000e7600000, 0x00000000e7700000, 0x00000000e7700000|100%| S|CS|TAMS 0x00000000e7600000| PB 0x00000000e7600000| Complete 
| 119|0x00000000e7700000, 0x00000000e7800000, 0x00000000e7800000|100%| S|CS|TAMS 0x00000000e7700000| PB 0x00000000e7700000| Complete 
| 120|0x00000000e7800000, 0x00000000e7900000, 0x00000000e7900000|100%| S|CS|TAMS 0x00000000e7800000| PB 0x00000000e7800000| Complete 
| 121|0x00000000e7900000, 0x00000000e7900000, 0x00000000e7a00000|  0%| F|  |TAMS 0x00000000e7900000| PB 0x00000000e7900000| Untracked 
| 122|0x00000000e7a00000, 0x00000000e7a00000, 0x00000000e7b00000|  0%| F|  |TAMS 0x00000000e7a00000| PB 0x00000000e7a00000| Untracked 
| 123|0x00000000e7b00000, 0x00000000e7b00000, 0x00000000e7c00000|  0%| F|  |TAMS 0x00000000e7b00000| PB 0x00000000e7b00000| Untracked 
| 124|0x00000000e7c00000, 0x00000000e7c00000, 0x00000000e7d00000|  0%| F|  |TAMS 0x00000000e7c00000| PB 0x00000000e7c00000| Untracked 
| 125|0x00000000e7d00000, 0x00000000e7d00000, 0x00000000e7e00000|  0%| F|  |TAMS 0x00000000e7d00000| PB 0x00000000e7d00000| Untracked 
| 126|0x00000000e7e00000, 0x00000000e7e34a70, 0x00000000e7f00000| 20%| E|  |TAMS 0x00000000e7e00000| PB 0x00000000e7e00000| Complete 
| 127|0x00000000e7f00000, 0x00000000e8000000, 0x00000000e8000000|100%| E|CS|TAMS 0x00000000e7f00000| PB 0x00000000e7f00000| Complete 
| 128|0x00000000e8000000, 0x00000000e8100000, 0x00000000e8100000|100%| E|CS|TAMS 0x00000000e8000000| PB 0x00000000e8000000| Complete 
| 129|0x00000000e8100000, 0x00000000e8200000, 0x00000000e8200000|100%| E|CS|TAMS 0x00000000e8100000| PB 0x00000000e8100000| Complete 
| 130|0x00000000e8200000, 0x00000000e8300000, 0x00000000e8300000|100%| E|CS|TAMS 0x00000000e8200000| PB 0x00000000e8200000| Complete 
| 131|0x00000000e8300000, 0x00000000e8400000, 0x00000000e8400000|100%| E|CS|TAMS 0x00000000e8300000| PB 0x00000000e8300000| Complete 
| 132|0x00000000e8400000, 0x00000000e8500000, 0x00000000e8500000|100%| E|CS|TAMS 0x00000000e8400000| PB 0x00000000e8400000| Complete 
| 133|0x00000000e8500000, 0x00000000e8600000, 0x00000000e8600000|100%| E|CS|TAMS 0x00000000e8500000| PB 0x00000000e8500000| Complete 
| 134|0x00000000e8600000, 0x00000000e8700000, 0x00000000e8700000|100%| E|CS|TAMS 0x00000000e8600000| PB 0x00000000e8600000| Complete 
| 135|0x00000000e8700000, 0x00000000e8800000, 0x00000000e8800000|100%| E|CS|TAMS 0x00000000e8700000| PB 0x00000000e8700000| Complete 
| 136|0x00000000e8800000, 0x00000000e8900000, 0x00000000e8900000|100%| E|CS|TAMS 0x00000000e8800000| PB 0x00000000e8800000| Complete 
| 137|0x00000000e8900000, 0x00000000e8a00000, 0x00000000e8a00000|100%| E|CS|TAMS 0x00000000e8900000| PB 0x00000000e8900000| Complete 
| 138|0x00000000e8a00000, 0x00000000e8b00000, 0x00000000e8b00000|100%| E|CS|TAMS 0x00000000e8a00000| PB 0x00000000e8a00000| Complete 
| 139|0x00000000e8b00000, 0x00000000e8c00000, 0x00000000e8c00000|100%| E|CS|TAMS 0x00000000e8b00000| PB 0x00000000e8b00000| Complete 
| 140|0x00000000e8c00000, 0x00000000e8d00000, 0x00000000e8d00000|100%| E|CS|TAMS 0x00000000e8c00000| PB 0x00000000e8c00000| Complete 
| 141|0x00000000e8d00000, 0x00000000e8e00000, 0x00000000e8e00000|100%| E|CS|TAMS 0x00000000e8d00000| PB 0x00000000e8d00000| Complete 
| 142|0x00000000e8e00000, 0x00000000e8f00000, 0x00000000e8f00000|100%| E|CS|TAMS 0x00000000e8e00000| PB 0x00000000e8e00000| Complete 
| 143|0x00000000e8f00000, 0x00000000e9000000, 0x00000000e9000000|100%| E|CS|TAMS 0x00000000e8f00000| PB 0x00000000e8f00000| Complete 
| 144|0x00000000e9000000, 0x00000000e9100000, 0x00000000e9100000|100%| E|CS|TAMS 0x00000000e9000000| PB 0x00000000e9000000| Complete 
| 145|0x00000000e9100000, 0x00000000e9200000, 0x00000000e9200000|100%| E|CS|TAMS 0x00000000e9100000| PB 0x00000000e9100000| Complete 
| 146|0x00000000e9200000, 0x00000000e9300000, 0x00000000e9300000|100%| E|CS|TAMS 0x00000000e9200000| PB 0x00000000e9200000| Complete 
| 147|0x00000000e9300000, 0x00000000e9400000, 0x00000000e9400000|100%| E|CS|TAMS 0x00000000e9300000| PB 0x00000000e9300000| Complete 
| 148|0x00000000e9400000, 0x00000000e9500000, 0x00000000e9500000|100%| E|  |TAMS 0x00000000e9400000| PB 0x00000000e9400000| Complete 
| 149|0x00000000e9500000, 0x00000000e9600000, 0x00000000e9600000|100%| E|CS|TAMS 0x00000000e9500000| PB 0x00000000e9500000| Complete 
| 150|0x00000000e9600000, 0x00000000e9700000, 0x00000000e9700000|100%| E|CS|TAMS 0x00000000e9600000| PB 0x00000000e9600000| Complete 
| 151|0x00000000e9700000, 0x00000000e9800000, 0x00000000e9800000|100%| E|CS|TAMS 0x00000000e9700000| PB 0x00000000e9700000| Complete 
| 152|0x00000000e9800000, 0x00000000e9900000, 0x00000000e9900000|100%| E|CS|TAMS 0x00000000e9800000| PB 0x00000000e9800000| Complete 
| 153|0x00000000e9900000, 0x00000000e9a00000, 0x00000000e9a00000|100%| E|CS|TAMS 0x00000000e9900000| PB 0x00000000e9900000| Complete 
| 154|0x00000000e9a00000, 0x00000000e9b00000, 0x00000000e9b00000|100%| E|CS|TAMS 0x00000000e9a00000| PB 0x00000000e9a00000| Complete 
| 155|0x00000000e9b00000, 0x00000000e9c00000, 0x00000000e9c00000|100%| E|CS|TAMS 0x00000000e9b00000| PB 0x00000000e9b00000| Complete 
| 156|0x00000000e9c00000, 0x00000000e9d00000, 0x00000000e9d00000|100%| E|CS|TAMS 0x00000000e9c00000| PB 0x00000000e9c00000| Complete 
| 157|0x00000000e9d00000, 0x00000000e9e00000, 0x00000000e9e00000|100%| E|CS|TAMS 0x00000000e9d00000| PB 0x00000000e9d00000| Complete 
| 158|0x00000000e9e00000, 0x00000000e9f00000, 0x00000000e9f00000|100%| E|CS|TAMS 0x00000000e9e00000| PB 0x00000000e9e00000| Complete 
| 159|0x00000000e9f00000, 0x00000000ea000000, 0x00000000ea000000|100%| E|CS|TAMS 0x00000000e9f00000| PB 0x00000000e9f00000| Complete 
| 160|0x00000000ea000000, 0x00000000ea100000, 0x00000000ea100000|100%| E|CS|TAMS 0x00000000ea000000| PB 0x00000000ea000000| Complete 
| 161|0x00000000ea100000, 0x00000000ea200000, 0x00000000ea200000|100%| E|CS|TAMS 0x00000000ea100000| PB 0x00000000ea100000| Complete 
| 162|0x00000000ea200000, 0x00000000ea300000, 0x00000000ea300000|100%| E|CS|TAMS 0x00000000ea200000| PB 0x00000000ea200000| Complete 
| 163|0x00000000ea300000, 0x00000000ea400000, 0x00000000ea400000|100%| E|CS|TAMS 0x00000000ea300000| PB 0x00000000ea300000| Complete 
| 164|0x00000000ea400000, 0x00000000ea500000, 0x00000000ea500000|100%| E|CS|TAMS 0x00000000ea400000| PB 0x00000000ea400000| Complete 
| 165|0x00000000ea500000, 0x00000000ea600000, 0x00000000ea600000|100%| E|CS|TAMS 0x00000000ea500000| PB 0x00000000ea500000| Complete 
| 166|0x00000000ea600000, 0x00000000ea700000, 0x00000000ea700000|100%| E|CS|TAMS 0x00000000ea600000| PB 0x00000000ea600000| Complete 
| 167|0x00000000ea700000, 0x00000000ea800000, 0x00000000ea800000|100%| E|CS|TAMS 0x00000000ea700000| PB 0x00000000ea700000| Complete 
| 168|0x00000000ea800000, 0x00000000ea900000, 0x00000000ea900000|100%| E|CS|TAMS 0x00000000ea800000| PB 0x00000000ea800000| Complete 
| 169|0x00000000ea900000, 0x00000000eaa00000, 0x00000000eaa00000|100%| E|CS|TAMS 0x00000000ea900000| PB 0x00000000ea900000| Complete 
| 170|0x00000000eaa00000, 0x00000000eab00000, 0x00000000eab00000|100%| E|CS|TAMS 0x00000000eaa00000| PB 0x00000000eaa00000| Complete 
| 171|0x00000000eab00000, 0x00000000eac00000, 0x00000000eac00000|100%| E|CS|TAMS 0x00000000eab00000| PB 0x00000000eab00000| Complete 
| 172|0x00000000eac00000, 0x00000000ead00000, 0x00000000ead00000|100%| E|CS|TAMS 0x00000000eac00000| PB 0x00000000eac00000| Complete 
| 173|0x00000000ead00000, 0x00000000eae00000, 0x00000000eae00000|100%| E|CS|TAMS 0x00000000ead00000| PB 0x00000000ead00000| Complete 
| 174|0x00000000eae00000, 0x00000000eaf00000, 0x00000000eaf00000|100%| E|CS|TAMS 0x00000000eae00000| PB 0x00000000eae00000| Complete 
| 175|0x00000000eaf00000, 0x00000000eb000000, 0x00000000eb000000|100%| E|CS|TAMS 0x00000000eaf00000| PB 0x00000000eaf00000| Complete 
| 176|0x00000000eb000000, 0x00000000eb100000, 0x00000000eb100000|100%| E|CS|TAMS 0x00000000eb000000| PB 0x00000000eb000000| Complete 
| 177|0x00000000eb100000, 0x00000000eb200000, 0x00000000eb200000|100%| E|CS|TAMS 0x00000000eb100000| PB 0x00000000eb100000| Complete 
| 178|0x00000000eb200000, 0x00000000eb300000, 0x00000000eb300000|100%| E|CS|TAMS 0x00000000eb200000| PB 0x00000000eb200000| Complete 
| 179|0x00000000eb300000, 0x00000000eb400000, 0x00000000eb400000|100%| E|CS|TAMS 0x00000000eb300000| PB 0x00000000eb300000| Complete 
| 180|0x00000000eb400000, 0x00000000eb500000, 0x00000000eb500000|100%| E|CS|TAMS 0x00000000eb400000| PB 0x00000000eb400000| Complete 
| 181|0x00000000eb500000, 0x00000000eb600000, 0x00000000eb600000|100%| E|CS|TAMS 0x00000000eb500000| PB 0x00000000eb500000| Complete 
| 182|0x00000000eb600000, 0x00000000eb700000, 0x00000000eb700000|100%| E|CS|TAMS 0x00000000eb600000| PB 0x00000000eb600000| Complete 
| 183|0x00000000eb700000, 0x00000000eb800000, 0x00000000eb800000|100%| E|CS|TAMS 0x00000000eb700000| PB 0x00000000eb700000| Complete 
| 184|0x00000000eb800000, 0x00000000eb900000, 0x00000000eb900000|100%| E|CS|TAMS 0x00000000eb800000| PB 0x00000000eb800000| Complete 
| 185|0x00000000eb900000, 0x00000000eba00000, 0x00000000eba00000|100%| E|CS|TAMS 0x00000000eb900000| PB 0x00000000eb900000| Complete 
| 186|0x00000000eba00000, 0x00000000ebb00000, 0x00000000ebb00000|100%| E|CS|TAMS 0x00000000eba00000| PB 0x00000000eba00000| Complete 
| 187|0x00000000ebb00000, 0x00000000ebc00000, 0x00000000ebc00000|100%| E|CS|TAMS 0x00000000ebb00000| PB 0x00000000ebb00000| Complete 
| 188|0x00000000ebc00000, 0x00000000ebd00000, 0x00000000ebd00000|100%| E|CS|TAMS 0x00000000ebc00000| PB 0x00000000ebc00000| Complete 
| 189|0x00000000ebd00000, 0x00000000ebe00000, 0x00000000ebe00000|100%| E|CS|TAMS 0x00000000ebd00000| PB 0x00000000ebd00000| Complete 
| 190|0x00000000ebe00000, 0x00000000ebf00000, 0x00000000ebf00000|100%| E|CS|TAMS 0x00000000ebe00000| PB 0x00000000ebe00000| Complete 
| 191|0x00000000ebf00000, 0x00000000ec000000, 0x00000000ec000000|100%| E|CS|TAMS 0x00000000ebf00000| PB 0x00000000ebf00000| Complete 
| 192|0x00000000ec000000, 0x00000000ec100000, 0x00000000ec100000|100%| E|CS|TAMS 0x00000000ec000000| PB 0x00000000ec000000| Complete 
| 193|0x00000000ec100000, 0x00000000ec200000, 0x00000000ec200000|100%| E|CS|TAMS 0x00000000ec100000| PB 0x00000000ec100000| Complete 
| 194|0x00000000ec200000, 0x00000000ec300000, 0x00000000ec300000|100%| E|CS|TAMS 0x00000000ec200000| PB 0x00000000ec200000| Complete 
| 195|0x00000000ec300000, 0x00000000ec400000, 0x00000000ec400000|100%| E|CS|TAMS 0x00000000ec300000| PB 0x00000000ec300000| Complete 
| 196|0x00000000ec400000, 0x00000000ec500000, 0x00000000ec500000|100%| E|CS|TAMS 0x00000000ec400000| PB 0x00000000ec400000| Complete 
| 197|0x00000000ec500000, 0x00000000ec600000, 0x00000000ec600000|100%| E|CS|TAMS 0x00000000ec500000| PB 0x00000000ec500000| Complete 
| 198|0x00000000ec600000, 0x00000000ec700000, 0x00000000ec700000|100%| E|CS|TAMS 0x00000000ec600000| PB 0x00000000ec600000| Complete 
| 199|0x00000000ec700000, 0x00000000ec800000, 0x00000000ec800000|100%| E|CS|TAMS 0x00000000ec700000| PB 0x00000000ec700000| Complete 
| 200|0x00000000ec800000, 0x00000000ec900000, 0x00000000ec900000|100%| E|CS|TAMS 0x00000000ec800000| PB 0x00000000ec800000| Complete 
| 201|0x00000000ec900000, 0x00000000eca00000, 0x00000000eca00000|100%| E|CS|TAMS 0x00000000ec900000| PB 0x00000000ec900000| Complete 
| 202|0x00000000eca00000, 0x00000000ecb00000, 0x00000000ecb00000|100%| E|CS|TAMS 0x00000000eca00000| PB 0x00000000eca00000| Complete 
| 203|0x00000000ecb00000, 0x00000000ecc00000, 0x00000000ecc00000|100%| E|CS|TAMS 0x00000000ecb00000| PB 0x00000000ecb00000| Complete 
| 204|0x00000000ecc00000, 0x00000000ecd00000, 0x00000000ecd00000|100%| E|CS|TAMS 0x00000000ecc00000| PB 0x00000000ecc00000| Complete 
| 205|0x00000000ecd00000, 0x00000000ece00000, 0x00000000ece00000|100%| E|CS|TAMS 0x00000000ecd00000| PB 0x00000000ecd00000| Complete 
| 206|0x00000000ece00000, 0x00000000ecf00000, 0x00000000ecf00000|100%| E|CS|TAMS 0x00000000ece00000| PB 0x00000000ece00000| Complete 
| 207|0x00000000ecf00000, 0x00000000ed000000, 0x00000000ed000000|100%| E|CS|TAMS 0x00000000ecf00000| PB 0x00000000ecf00000| Complete 
| 208|0x00000000ed000000, 0x00000000ed100000, 0x00000000ed100000|100%| E|CS|TAMS 0x00000000ed000000| PB 0x00000000ed000000| Complete 
| 209|0x00000000ed100000, 0x00000000ed200000, 0x00000000ed200000|100%| E|CS|TAMS 0x00000000ed100000| PB 0x00000000ed100000| Complete 
| 210|0x00000000ed200000, 0x00000000ed300000, 0x00000000ed300000|100%| E|CS|TAMS 0x00000000ed200000| PB 0x00000000ed200000| Complete 
| 211|0x00000000ed300000, 0x00000000ed400000, 0x00000000ed400000|100%| E|CS|TAMS 0x00000000ed300000| PB 0x00000000ed300000| Complete 
| 212|0x00000000ed400000, 0x00000000ed500000, 0x00000000ed500000|100%| E|CS|TAMS 0x00000000ed400000| PB 0x00000000ed400000| Complete 
| 213|0x00000000ed500000, 0x00000000ed600000, 0x00000000ed600000|100%| E|CS|TAMS 0x00000000ed500000| PB 0x00000000ed500000| Complete 
| 214|0x00000000ed600000, 0x00000000ed700000, 0x00000000ed700000|100%| E|CS|TAMS 0x00000000ed600000| PB 0x00000000ed600000| Complete 
| 215|0x00000000ed700000, 0x00000000ed800000, 0x00000000ed800000|100%| E|CS|TAMS 0x00000000ed700000| PB 0x00000000ed700000| Complete 
| 216|0x00000000ed800000, 0x00000000ed900000, 0x00000000ed900000|100%| E|CS|TAMS 0x00000000ed800000| PB 0x00000000ed800000| Complete 
| 217|0x00000000ed900000, 0x00000000eda00000, 0x00000000eda00000|100%| E|CS|TAMS 0x00000000ed900000| PB 0x00000000ed900000| Complete 
| 218|0x00000000eda00000, 0x00000000edb00000, 0x00000000edb00000|100%| E|CS|TAMS 0x00000000eda00000| PB 0x00000000eda00000| Complete 
| 219|0x00000000edb00000, 0x00000000edc00000, 0x00000000edc00000|100%| E|CS|TAMS 0x00000000edb00000| PB 0x00000000edb00000| Complete 
| 220|0x00000000edc00000, 0x00000000edd00000, 0x00000000edd00000|100%| E|CS|TAMS 0x00000000edc00000| PB 0x00000000edc00000| Complete 
| 221|0x00000000edd00000, 0x00000000ede00000, 0x00000000ede00000|100%| E|CS|TAMS 0x00000000edd00000| PB 0x00000000edd00000| Complete 
| 222|0x00000000ede00000, 0x00000000edf00000, 0x00000000edf00000|100%| E|CS|TAMS 0x00000000ede00000| PB 0x00000000ede00000| Complete 
| 223|0x00000000edf00000, 0x00000000ee000000, 0x00000000ee000000|100%| E|CS|TAMS 0x00000000edf00000| PB 0x00000000edf00000| Complete 
| 224|0x00000000ee000000, 0x00000000ee100000, 0x00000000ee100000|100%| E|CS|TAMS 0x00000000ee000000| PB 0x00000000ee000000| Complete 
| 225|0x00000000ee100000, 0x00000000ee200000, 0x00000000ee200000|100%| E|CS|TAMS 0x00000000ee100000| PB 0x00000000ee100000| Complete 
| 226|0x00000000ee200000, 0x00000000ee300000, 0x00000000ee300000|100%| E|CS|TAMS 0x00000000ee200000| PB 0x00000000ee200000| Complete 
| 227|0x00000000ee300000, 0x00000000ee400000, 0x00000000ee400000|100%| E|CS|TAMS 0x00000000ee300000| PB 0x00000000ee300000| Complete 
| 228|0x00000000ee400000, 0x00000000ee500000, 0x00000000ee500000|100%| E|CS|TAMS 0x00000000ee400000| PB 0x00000000ee400000| Complete 
| 229|0x00000000ee500000, 0x00000000ee600000, 0x00000000ee600000|100%| E|CS|TAMS 0x00000000ee500000| PB 0x00000000ee500000| Complete 
| 230|0x00000000ee600000, 0x00000000ee700000, 0x00000000ee700000|100%| E|CS|TAMS 0x00000000ee600000| PB 0x00000000ee600000| Complete 
| 231|0x00000000ee700000, 0x00000000ee800000, 0x00000000ee800000|100%| E|CS|TAMS 0x00000000ee700000| PB 0x00000000ee700000| Complete 
| 232|0x00000000ee800000, 0x00000000ee900000, 0x00000000ee900000|100%| E|CS|TAMS 0x00000000ee800000| PB 0x00000000ee800000| Complete 
| 233|0x00000000ee900000, 0x00000000eea00000, 0x00000000eea00000|100%| E|CS|TAMS 0x00000000ee900000| PB 0x00000000ee900000| Complete 
| 234|0x00000000eea00000, 0x00000000eeb00000, 0x00000000eeb00000|100%| E|CS|TAMS 0x00000000eea00000| PB 0x00000000eea00000| Complete 
| 235|0x00000000eeb00000, 0x00000000eec00000, 0x00000000eec00000|100%| E|CS|TAMS 0x00000000eeb00000| PB 0x00000000eeb00000| Complete 
| 236|0x00000000eec00000, 0x00000000eed00000, 0x00000000eed00000|100%| E|CS|TAMS 0x00000000eec00000| PB 0x00000000eec00000| Complete 
| 237|0x00000000eed00000, 0x00000000eee00000, 0x00000000eee00000|100%| E|CS|TAMS 0x00000000eed00000| PB 0x00000000eed00000| Complete 
| 238|0x00000000eee00000, 0x00000000eef00000, 0x00000000eef00000|100%| E|CS|TAMS 0x00000000eee00000| PB 0x00000000eee00000| Complete 
| 239|0x00000000eef00000, 0x00000000ef000000, 0x00000000ef000000|100%| E|CS|TAMS 0x00000000eef00000| PB 0x00000000eef00000| Complete 
| 240|0x00000000ef000000, 0x00000000ef100000, 0x00000000ef100000|100%| E|CS|TAMS 0x00000000ef000000| PB 0x00000000ef000000| Complete 
| 241|0x00000000ef100000, 0x00000000ef200000, 0x00000000ef200000|100%| E|CS|TAMS 0x00000000ef100000| PB 0x00000000ef100000| Complete 
| 242|0x00000000ef200000, 0x00000000ef300000, 0x00000000ef300000|100%| E|CS|TAMS 0x00000000ef200000| PB 0x00000000ef200000| Complete 
| 243|0x00000000ef300000, 0x00000000ef400000, 0x00000000ef400000|100%| E|CS|TAMS 0x00000000ef300000| PB 0x00000000ef300000| Complete 
| 244|0x00000000ef400000, 0x00000000ef500000, 0x00000000ef500000|100%| E|CS|TAMS 0x00000000ef400000| PB 0x00000000ef400000| Complete 
| 245|0x00000000ef500000, 0x00000000ef600000, 0x00000000ef600000|100%| E|CS|TAMS 0x00000000ef500000| PB 0x00000000ef500000| Complete 
| 246|0x00000000ef600000, 0x00000000ef700000, 0x00000000ef700000|100%| E|CS|TAMS 0x00000000ef600000| PB 0x00000000ef600000| Complete 
| 247|0x00000000ef700000, 0x00000000ef800000, 0x00000000ef800000|100%| E|CS|TAMS 0x00000000ef700000| PB 0x00000000ef700000| Complete 
| 248|0x00000000ef800000, 0x00000000ef900000, 0x00000000ef900000|100%| E|CS|TAMS 0x00000000ef800000| PB 0x00000000ef800000| Complete 
| 249|0x00000000ef900000, 0x00000000efa00000, 0x00000000efa00000|100%| E|CS|TAMS 0x00000000ef900000| PB 0x00000000ef900000| Complete 
| 250|0x00000000efa00000, 0x00000000efb00000, 0x00000000efb00000|100%| E|CS|TAMS 0x00000000efa00000| PB 0x00000000efa00000| Complete 
| 251|0x00000000efb00000, 0x00000000efc00000, 0x00000000efc00000|100%| E|CS|TAMS 0x00000000efb00000| PB 0x00000000efb00000| Complete 
| 252|0x00000000efc00000, 0x00000000efd00000, 0x00000000efd00000|100%| E|CS|TAMS 0x00000000efc00000| PB 0x00000000efc00000| Complete 
| 253|0x00000000efd00000, 0x00000000efe00000, 0x00000000efe00000|100%| E|CS|TAMS 0x00000000efd00000| PB 0x00000000efd00000| Complete 
| 254|0x00000000efe00000, 0x00000000eff00000, 0x00000000eff00000|100%| E|CS|TAMS 0x00000000efe00000| PB 0x00000000efe00000| Complete 
| 255|0x00000000eff00000, 0x00000000f0000000, 0x00000000f0000000|100%| E|CS|TAMS 0x00000000eff00000| PB 0x00000000eff00000| Complete 

Card table byte_map: [0x000001bfc6d60000,0x000001bfc6e60000] _byte_map_base: 0x000001bfc6660000

Marking Bits: (CMBitMap*) 0x000001bface0f530
 Bits: [0x000001bfc6e60000, 0x000001bfc7660000)

Polling page: 0x000001bfacea0000

Metaspace:

Usage:
  Non-class:     59.50 MB used.
      Class:      9.66 MB used.
       Both:     69.17 MB used.

Virtual space:
  Non-class space:       64.00 MB reserved,      60.62 MB ( 95%) committed,  1 nodes.
      Class space:      320.00 MB reserved,      10.81 MB (  3%) committed,  1 nodes.
             Both:      384.00 MB reserved,      71.44 MB ( 19%) committed. 

Chunk freelists:
   Non-Class:  2.83 MB
       Class:  5.04 MB
        Both:  7.87 MB

MaxMetaspaceSize: 384.00 MB
CompressedClassSpaceSize: 320.00 MB
Initial GC threshold: 21.00 MB
Current GC threshold: 98.56 MB
CDS: on
 - commit_granule_bytes: 65536.
 - commit_granule_words: 8192.
 - virtual_space_node_default_size: 8388608.
 - enlarge_chunks_in_place: 1.
 - use_allocation_guard: 0.


Internal statistics:

num_allocs_failed_limit: 12.
num_arena_births: 4062.
num_arena_deaths: 0.
num_vsnodes_births: 2.
num_vsnodes_deaths: 0.
num_space_committed: 1143.
num_space_uncommitted: 0.
num_chunks_returned_to_freelist: 12.
num_chunks_taken_from_freelist: 7713.
num_chunk_merges: 12.
num_chunk_splits: 4888.
num_chunks_enlarged: 2839.
num_inconsistent_stats: 0.

CodeHeap 'non-profiled nmethods': size=119168Kb used=7373Kb max_used=7373Kb free=111794Kb
 bounds [0x000001bfbe850000, 0x000001bfbef90000, 0x000001bfc5cb0000]
CodeHeap 'profiled nmethods': size=119104Kb used=26701Kb max_used=26701Kb free=92403Kb
 bounds [0x000001bfb6cb0000, 0x000001bfb86d0000, 0x000001bfbe100000]
CodeHeap 'non-nmethods': size=7488Kb used=2785Kb max_used=4554Kb free=4702Kb
 bounds [0x000001bfbe100000, 0x000001bfbe580000, 0x000001bfbe850000]
 total_blobs=13822 nmethods=12915 adapters=811
 compilation: enabled
              stopped_count=0, restarted_count=0
 full_count=0

Compilation events (20 events):
Event: 1004.173 Thread 0x000001bfca7bf9d0 13674       3       org.gradle.api.internal.artifacts.configurations.DefaultConfigurationContainer::findByName (9 bytes)
Event: 1004.182 Thread 0x000001bfca79ecc0 nmethod 13671 0x000001bfbef81c10 code [0x000001bfbef81de0, 0x000001bfbef82228]
Event: 1004.183 Thread 0x000001bfca79ecc0 13670   !   4       org.gradle.internal.deprecation.DeprecationLogger::whileDisabled (22 bytes)
Event: 1004.185 Thread 0x000001bfca7bf9d0 nmethod 13674 0x000001bfb86c0a90 code [0x000001bfb86c0c40, 0x000001bfb86c0e88]
Event: 1004.185 Thread 0x000001bfca7bf9d0 13676       3       org.gradle.api.internal.collections.DefaultCollectionEventRegister::registerLazyAddDecoratedAction (14 bytes)
Event: 1004.186 Thread 0x000001bfca7bf9d0 nmethod 13676 0x000001bfb86c0f90 code [0x000001bfb86c1140, 0x000001bfb86c1378]
Event: 1004.186 Thread 0x000001bfca7bf9d0 13673       3       com.google.common.collect.Iterators$6::<init> (11 bytes)
Event: 1004.187 Thread 0x000001bfca7bf9d0 nmethod 13673 0x000001bfb86c1490 code [0x000001bfb86c1680, 0x000001bfb86c1b68]
Event: 1004.187 Thread 0x000001bfca7bf9d0 13675       1       org.gradle.internal.ImmutableActionSet$SetWithManyActions::isEmpty (2 bytes)
Event: 1004.187 Thread 0x000001bfca7bf9d0 nmethod 13675 0x000001bfbef82610 code [0x000001bfbef827a0, 0x000001bfbef82868]
Event: 1004.192 Thread 0x000001bfca7bf9d0 13677   !   3       sun.net.www.protocol.jar.JarFileFactory::getOrCreate (91 bytes)
Event: 1004.201 Thread 0x000001bfca79ecc0 nmethod 13670 0x000001bfbef82910 code [0x000001bfbef82b40, 0x000001bfbef82ff0]
Event: 1004.208 Thread 0x000001bfca7bf9d0 nmethod 13677 0x000001bfb86c1d10 code [0x000001bfb86c1f80, 0x000001bfb86c26e8]
Event: 1004.312 Thread 0x000001bfca7bf9d0 13678       1       org.gradle.api.internal.artifacts.configurations.DefaultConfiguration::access$2400 (5 bytes)
Event: 1004.315 Thread 0x000001bfca7bf9d0 nmethod 13678 0x000001bfbef83490 code [0x000001bfbef83620, 0x000001bfbef836d0]
Event: 1004.315 Thread 0x000001bfca7bf9d0 13679       3       org.gradle.internal.code.DefaultUserCodeApplicationContext$CurrentApplication::reapplyLater (10 bytes)
Event: 1004.316 Thread 0x000001bfca7bf9d0 nmethod 13679 0x000001bfb86c2a10 code [0x000001bfb86c2bc0, 0x000001bfb86c2ea0]
Event: 1004.316 Thread 0x000001bfca7bf9d0 13680       3       org.gradle.internal.code.DefaultUserCodeApplicationContext$CurrentApplication$1::<init> (15 bytes)
Event: 1004.316 Thread 0x000001bfca7bf9d0 nmethod 13680 0x000001bfb86c2f90 code [0x000001bfb86c3140, 0x000001bfb86c3360]
Event: 1006.472 Thread 0x000001bfca79ecc0 13681       4       java.lang.String::split (8 bytes)

GC Heap History (20 events):
Event: 2.063 GC heap before
{Heap before GC invocations=0 (full 0):
 garbage-first heap   total 262144K, used 22528K [0x00000000e0000000, 0x0000000100000000)
  region size 1024K, 23 young (23552K), 0 survivors (0K)
 Metaspace       used 1064K, committed 1216K, reserved 393216K
  class space    used 77K, committed 128K, reserved 327680K
}
Event: 2.075 GC heap after
{Heap after GC invocations=1 (full 0):
 garbage-first heap   total 262144K, used 1941K [0x00000000e0000000, 0x0000000100000000)
  region size 1024K, 2 young (2048K), 2 survivors (2048K)
 Metaspace       used 1064K, committed 1216K, reserved 393216K
  class space    used 77K, committed 128K, reserved 327680K
}
Event: 4.181 GC heap before
{Heap before GC invocations=1 (full 0):
 garbage-first heap   total 262144K, used 39829K [0x00000000e0000000, 0x0000000100000000)
  region size 1024K, 37 young (37888K), 2 survivors (2048K)
 Metaspace       used 4490K, committed 4672K, reserved 393216K
  class space    used 550K, committed 640K, reserved 327680K
}
Event: 4.192 GC heap after
{Heap after GC invocations=2 (full 0):
 garbage-first heap   total 262144K, used 10855K [0x00000000e0000000, 0x0000000100000000)
  region size 1024K, 5 young (5120K), 5 survivors (5120K)
 Metaspace       used 4490K, committed 4672K, reserved 393216K
  class space    used 550K, committed 640K, reserved 327680K
}
Event: 6.415 GC heap before
{Heap before GC invocations=2 (full 0):
 garbage-first heap   total 262144K, used 60007K [0x00000000e0000000, 0x0000000100000000)
  region size 1024K, 51 young (52224K), 5 survivors (5120K)
 Metaspace       used 5215K, committed 5376K, reserved 393216K
  class space    used 675K, committed 768K, reserved 327680K
}
Event: 6.428 GC heap after
{Heap after GC invocations=3 (full 0):
 garbage-first heap   total 262144K, used 16389K [0x00000000e0000000, 0x0000000100000000)
  region size 1024K, 5 young (5120K), 5 survivors (5120K)
 Metaspace       used 5215K, committed 5376K, reserved 393216K
  class space    used 675K, committed 768K, reserved 327680K
}
Event: 14.077 GC heap before
{Heap before GC invocations=3 (full 0):
 garbage-first heap   total 262144K, used 105477K [0x00000000e0000000, 0x0000000100000000)
  region size 1024K, 93 young (95232K), 5 survivors (5120K)
 Metaspace       used 20848K, committed 21504K, reserved 393216K
  class space    used 3000K, committed 3264K, reserved 327680K
}
Event: 14.094 GC heap after
{Heap after GC invocations=4 (full 0):
 garbage-first heap   total 262144K, used 23775K [0x00000000e0000000, 0x0000000100000000)
  region size 1024K, 12 young (12288K), 12 survivors (12288K)
 Metaspace       used 20848K, committed 21504K, reserved 393216K
  class space    used 3000K, committed 3264K, reserved 327680K
}
Event: 17.681 GC heap before
{Heap before GC invocations=5 (full 0):
 garbage-first heap   total 262144K, used 132319K [0x00000000e0000000, 0x0000000100000000)
  region size 1024K, 115 young (117760K), 12 survivors (12288K)
 Metaspace       used 34882K, committed 35968K, reserved 393216K
  class space    used 4827K, committed 5376K, reserved 327680K
}
Event: 17.702 GC heap after
{Heap after GC invocations=6 (full 0):
 garbage-first heap   total 262144K, used 32063K [0x00000000e0000000, 0x0000000100000000)
  region size 1024K, 16 young (16384K), 16 survivors (16384K)
 Metaspace       used 34882K, committed 35968K, reserved 393216K
  class space    used 4827K, committed 5376K, reserved 327680K
}
Event: 27.418 GC heap before
{Heap before GC invocations=7 (full 0):
 garbage-first heap   total 262144K, used 173375K [0x00000000e0000000, 0x0000000100000000)
  region size 1024K, 153 young (156672K), 16 survivors (16384K)
 Metaspace       used 48558K, committed 50240K, reserved 393216K
  class space    used 6931K, committed 7744K, reserved 327680K
}
Event: 27.452 GC heap after
{Heap after GC invocations=8 (full 0):
 garbage-first heap   total 262144K, used 40412K [0x00000000e0000000, 0x0000000100000000)
  region size 1024K, 17 young (17408K), 17 survivors (17408K)
 Metaspace       used 48558K, committed 50240K, reserved 393216K
  class space    used 6931K, committed 7744K, reserved 327680K
}
Event: 38.651 GC heap before
{Heap before GC invocations=8 (full 0):
 garbage-first heap   total 262144K, used 144860K [0x00000000e0000000, 0x0000000100000000)
  region size 1024K, 121 young (123904K), 17 survivors (17408K)
 Metaspace       used 58168K, committed 60096K, reserved 393216K
  class space    used 8374K, committed 9344K, reserved 327680K
}
Event: 38.674 GC heap after
{Heap after GC invocations=9 (full 0):
 garbage-first heap   total 262144K, used 47003K [0x00000000e0000000, 0x0000000100000000)
  region size 1024K, 16 young (16384K), 16 survivors (16384K)
 Metaspace       used 58168K, committed 60096K, reserved 393216K
  class space    used 8374K, committed 9344K, reserved 327680K
}
Event: 38.772 GC heap before
{Heap before GC invocations=9 (full 0):
 garbage-first heap   total 262144K, used 49051K [0x00000000e0000000, 0x0000000100000000)
  region size 1024K, 19 young (19456K), 16 survivors (16384K)
 Metaspace       used 58463K, committed 60416K, reserved 393216K
  class space    used 8413K, committed 9408K, reserved 327680K
}
Event: 38.854 GC heap after
{Heap after GC invocations=10 (full 0):
 garbage-first heap   total 262144K, used 47143K [0x00000000e0000000, 0x0000000100000000)
  region size 1024K, 8 young (8192K), 8 survivors (8192K)
 Metaspace       used 58463K, committed 60416K, reserved 393216K
  class space    used 8413K, committed 9408K, reserved 327680K
}
Event: 47.788 GC heap before
{Heap before GC invocations=11 (full 0):
 garbage-first heap   total 262144K, used 195623K [0x00000000e0000000, 0x0000000100000000)
  region size 1024K, 153 young (156672K), 8 survivors (8192K)
 Metaspace       used 66339K, committed 68480K, reserved 393216K
  class space    used 9359K, committed 10432K, reserved 327680K
}
Event: 47.806 GC heap after
{Heap after GC invocations=12 (full 0):
 garbage-first heap   total 262144K, used 57041K [0x00000000e0000000, 0x0000000100000000)
  region size 1024K, 18 young (18432K), 18 survivors (18432K)
 Metaspace       used 66339K, committed 68480K, reserved 393216K
  class space    used 9359K, committed 10432K, reserved 327680K
}
Event: 388.355 GC heap before
{Heap before GC invocations=12 (full 0):
 garbage-first heap   total 262144K, used 194257K [0x00000000e0000000, 0x0000000100000000)
  region size 1024K, 153 young (156672K), 18 survivors (18432K)
 Metaspace       used 70067K, committed 72320K, reserved 393216K
  class space    used 9878K, committed 11008K, reserved 327680K
}
Event: 388.596 GC heap after
{Heap after GC invocations=13 (full 0):
 garbage-first heap   total 262144K, used 64398K [0x00000000e0000000, 0x0000000100000000)
  region size 1024K, 19 young (19456K), 19 survivors (19456K)
 Metaspace       used 70067K, committed 72320K, reserved 393216K
  class space    used 9878K, committed 11008K, reserved 327680K
}

Dll operation events (15 events):
Event: 0.073 Loaded shared library C:\Program Files\Eclipse Adoptium\jdk-21.0.2.13-hotspot\bin\java.dll
Event: 0.126 Loaded shared library C:\Program Files\Eclipse Adoptium\jdk-21.0.2.13-hotspot\bin\jsvml.dll
Event: 0.325 Loaded shared library C:\Program Files\Eclipse Adoptium\jdk-21.0.2.13-hotspot\bin\zip.dll
Event: 0.355 Loaded shared library C:\Program Files\Eclipse Adoptium\jdk-21.0.2.13-hotspot\bin\instrument.dll
Event: 0.378 Loaded shared library C:\Program Files\Eclipse Adoptium\jdk-21.0.2.13-hotspot\bin\net.dll
Event: 0.399 Loaded shared library C:\Program Files\Eclipse Adoptium\jdk-21.0.2.13-hotspot\bin\nio.dll
Event: 0.412 Loaded shared library C:\Program Files\Eclipse Adoptium\jdk-21.0.2.13-hotspot\bin\zip.dll
Event: 1.899 Loaded shared library C:\Program Files\Eclipse Adoptium\jdk-21.0.2.13-hotspot\bin\jimage.dll
Event: 2.575 Loaded shared library C:\Program Files\Eclipse Adoptium\jdk-21.0.2.13-hotspot\bin\verify.dll
Event: 2.898 Loaded shared library C:\Users\william\.gradle\native\1def1411415f61bf3af743bc5b6707747c0891f09f0c88961ee8f79bc544acac\windows-amd64\native-platform.dll
Event: 2.937 Loaded shared library C:\Users\william\.gradle\native\0.2.7\x86_64-windows-gnu\gradle-fileevents.dll
Event: 6.815 Loaded shared library C:\Program Files\Eclipse Adoptium\jdk-21.0.2.13-hotspot\bin\management.dll
Event: 6.831 Loaded shared library C:\Program Files\Eclipse Adoptium\jdk-21.0.2.13-hotspot\bin\management_ext.dll
Event: 7.446 Loaded shared library C:\Program Files\Eclipse Adoptium\jdk-21.0.2.13-hotspot\bin\extnet.dll
Event: 9.092 Loaded shared library C:\Program Files\Eclipse Adoptium\jdk-21.0.2.13-hotspot\bin\sunmscapi.dll

Deoptimization events (20 events):
Event: 995.622 Thread 0x000001bfe88cc630 Uncommon trap: trap_request=0xfffffff4 fr.pc=0x000001bfbee7631c relative=0x00000000000000fc
Event: 995.626 Thread 0x000001bfe88cc630 Uncommon trap: reason=null_check action=make_not_entrant pc=0x000001bfbee7631c method=org.gradle.tooling.internal.provider.runner.ClientBuildEventGenerator$Disabled.accept(Lorg/gradle/internal/operations/BuildOperationDescriptor;)Lorg/gradle/tooling/inter
Event: 995.628 Thread 0x000001bfe88cc630 DEOPT PACKING pc=0x000001bfbee7631c sp=0x00000088cbdfac60
Event: 995.638 Thread 0x000001bfe88cc630 DEOPT UNPACKING pc=0x000001bfbe1546a2 sp=0x00000088cbdfabe8 mode 2
Event: 1000.770 Thread 0x000001bfe88cc630 DEOPT PACKING pc=0x000001bfb80d67ee sp=0x00000088cbdfa140
Event: 1000.770 Thread 0x000001bfe88cc630 DEOPT UNPACKING pc=0x000001bfbe154e42 sp=0x00000088cbdf9678 mode 0
Event: 1003.446 Thread 0x000001bfe88cc630 Uncommon trap: trap_request=0xffffffd6 fr.pc=0x000001bfbef0d4f8 relative=0x0000000000001318
Event: 1003.446 Thread 0x000001bfe88cc630 Uncommon trap: reason=array_check action=maybe_recompile pc=0x000001bfbef0d4f8 method=java.util.ComparableTimSort.binarySort([Ljava/lang/Object;III)V @ 193 c2
Event: 1003.446 Thread 0x000001bfe88cc630 DEOPT PACKING pc=0x000001bfbef0d4f8 sp=0x00000088cbdf7310
Event: 1003.447 Thread 0x000001bfe88cc630 DEOPT UNPACKING pc=0x000001bfbe1546a2 sp=0x00000088cbdf72f0 mode 2
Event: 1003.493 Thread 0x000001bfe88d9ec0 Uncommon trap: trap_request=0xfffffff4 fr.pc=0x000001bfbef7bda8 relative=0x0000000000000be8
Event: 1003.493 Thread 0x000001bfe88d9ec0 Uncommon trap: reason=null_check action=make_not_entrant pc=0x000001bfbef7bda8 method=org.gradle.tooling.internal.provider.runner.ClientBuildEventGenerator$Enabled.accept(Lorg/gradle/internal/operations/BuildOperationDescriptor;)Lorg/gradle/tooling/intern
Event: 1003.493 Thread 0x000001bfe88d9ec0 DEOPT PACKING pc=0x000001bfbef7bda8 sp=0x00000088cf8fe6d0
Event: 1003.493 Thread 0x000001bfe88d9ec0 DEOPT UNPACKING pc=0x000001bfbe1546a2 sp=0x00000088cf8fe608 mode 2
Event: 1003.967 Thread 0x000001bfe88cc630 DEOPT PACKING pc=0x000001bfb74a28a3 sp=0x00000088cbdf7d00
Event: 1003.969 Thread 0x000001bfe88cc630 DEOPT UNPACKING pc=0x000001bfbe154e42 sp=0x00000088cbdf71e0 mode 0
Event: 1004.179 Thread 0x000001bfe88cc630 Uncommon trap: trap_request=0xffffffcc fr.pc=0x000001bfbef05128 relative=0x0000000000005648
Event: 1004.179 Thread 0x000001bfe88cc630 Uncommon trap: reason=intrinsic_or_type_checked_inlining action=make_not_entrant pc=0x000001bfbef05128 method=java.util.ArrayList$SubList.toArray([Ljava/lang/Object;)[Ljava/lang/Object; @ 58 c2
Event: 1004.179 Thread 0x000001bfe88cc630 DEOPT PACKING pc=0x000001bfbef05128 sp=0x00000088cbdf7a20
Event: 1004.179 Thread 0x000001bfe88cc630 DEOPT UNPACKING pc=0x000001bfbe1546a2 sp=0x00000088cbdf78c8 mode 2

Classes loaded (20 events):
Event: 49.056 Loading class java/util/stream/ReduceOps$5ReducingSink
Event: 49.056 Loading class java/util/stream/ReduceOps$5ReducingSink done
Event: 49.056 Loading class java/util/stream/ReferencePipeline$4$1
Event: 49.056 Loading class java/util/stream/ReferencePipeline$4$1 done
Event: 49.231 Loading class java/util/concurrent/ConcurrentSkipListMap$KeySet
Event: 49.231 Loading class java/util/concurrent/ConcurrentSkipListMap$KeySet done
Event: 49.231 Loading class java/util/concurrent/ConcurrentSkipListMap$KeyIterator
Event: 49.232 Loading class java/util/concurrent/ConcurrentSkipListMap$KeyIterator done
Event: 49.800 Loading class java/util/concurrent/ConcurrentLinkedQueue$Itr
Event: 49.801 Loading class java/util/concurrent/ConcurrentLinkedQueue$Itr done
Event: 49.858 Loading class java/util/HashMap$EntrySpliterator
Event: 49.892 Loading class java/util/HashMap$EntrySpliterator done
Event: 50.118 Loading class java/time/Instant$1
Event: 50.118 Loading class java/time/Instant$1 done
Event: 50.207 Loading class java/util/concurrent/CompletableFuture$AsyncRun
Event: 50.208 Loading class java/util/concurrent/CompletableFuture$AsyncRun done
Event: 370.192 Loading class jdk/internal/math/FormattedFPDecimal
Event: 370.353 Loading class jdk/internal/math/FormattedFPDecimal done
Event: 375.247 Loading class java/util/AbstractList$ListItr
Event: 375.340 Loading class java/util/AbstractList$ListItr done

Classes unloaded (0 events):
No events

Classes redefined (0 events):
No events

Internal exceptions (20 events):
Event: 50.056 Thread 0x000001bfe591af00 Exception <a 'java/lang/IncompatibleClassChangeError'{0x00000000eb9f3600}: Found class java.lang.Object, but interface was expected> (0x00000000eb9f3600) 
thrown [s\src\hotspot\share\interpreter\linkResolver.cpp, line 840]
Event: 50.100 Thread 0x000001bfe591af00 Exception <a 'java/lang/IncompatibleClassChangeError'{0x00000000eb83e9f0}: Found class java.lang.Object, but interface was expected> (0x00000000eb83e9f0) 
thrown [s\src\hotspot\share\interpreter\linkResolver.cpp, line 840]
Event: 376.134 Thread 0x000001bfe8073e90 Exception <a 'sun/nio/fs/WindowsException'{0x00000000ea45e398}> (0x00000000ea45e398) 
thrown [s\src\hotspot\share\prims\jni.cpp, line 520]
Event: 376.136 Thread 0x000001bfe8073e90 Exception <a 'sun/nio/fs/WindowsException'{0x00000000ea45f878}> (0x00000000ea45f878) 
thrown [s\src\hotspot\share\prims\jni.cpp, line 520]
Event: 376.137 Thread 0x000001bfe8073e90 Exception <a 'sun/nio/fs/WindowsException'{0x00000000ea460f88}> (0x00000000ea460f88) 
thrown [s\src\hotspot\share\prims\jni.cpp, line 520]
Event: 376.138 Thread 0x000001bfe8073e90 Exception <a 'sun/nio/fs/WindowsException'{0x00000000ea462458}> (0x00000000ea462458) 
thrown [s\src\hotspot\share\prims\jni.cpp, line 520]
Event: 381.665 Thread 0x000001bfe8073e90 Exception <a 'java/lang/NoClassDefFoundError'{0x00000000e9ecc5f8}: org/jetbrains/kotlin/gradle/plugin/KotlinPluginWrapper> (0x00000000e9ecc5f8) 
thrown [s\src\hotspot\share\oops\constantPool.cpp, line 871]
Event: 381.665 Thread 0x000001bfe8073e90 Exception <a 'java/lang/NoClassDefFoundError'{0x00000000e9ececb0}: org/graalvm/buildtools/gradle/NativeImagePlugin> (0x00000000e9ececb0) 
thrown [s\src\hotspot\share\oops\constantPool.cpp, line 871]
Event: 381.666 Thread 0x000001bfe8073e90 Exception <a 'java/lang/NoClassDefFoundError'{0x00000000e9ed15f8}: org/cyclonedx/gradle/CycloneDxPlugin> (0x00000000e9ed15f8) 
thrown [s\src\hotspot\share\oops\constantPool.cpp, line 871]
Event: 393.192 Thread 0x000001bfe94053b0 Exception <a 'java/lang/NoSuchMethodError'{0x00000000eae5af48}: 'int java.lang.invoke.DirectMethodHandle$Holder.invokeSpecial(java.lang.Object, java.lang.Object, java.lang.Object, java.lang.Object, java.lang.Object)'> (0x00000000eae5af48) 
thrown [s\src\hotspot\share\interpreter\linkResolver.cpp, line 773]
Event: 393.719 Thread 0x000001bfe8073e90 Exception <a 'sun/nio/fs/WindowsException'{0x00000000eaf341d0}> (0x00000000eaf341d0) 
thrown [s\src\hotspot\share\prims\jni.cpp, line 520]
Event: 995.621 Thread 0x000001bfe88cc630 Implicit null exception at 0x000001bfbee76269 to 0x000001bfbee76310
Event: 1000.902 Thread 0x000001bfe88cc630 Exception <a 'sun/nio/fs/WindowsException'{0x00000000e9795090}> (0x00000000e9795090) 
thrown [s\src\hotspot\share\prims\jni.cpp, line 520]
Event: 1000.911 Thread 0x000001bfe88cc630 Exception <a 'sun/nio/fs/WindowsException'{0x00000000e9796570}> (0x00000000e9796570) 
thrown [s\src\hotspot\share\prims\jni.cpp, line 520]
Event: 1000.914 Thread 0x000001bfe88cc630 Exception <a 'sun/nio/fs/WindowsException'{0x00000000e9797a40}> (0x00000000e9797a40) 
thrown [s\src\hotspot\share\prims\jni.cpp, line 520]
Event: 1000.917 Thread 0x000001bfe88cc630 Exception <a 'sun/nio/fs/WindowsException'{0x00000000e9798f10}> (0x00000000e9798f10) 
thrown [s\src\hotspot\share\prims\jni.cpp, line 520]
Event: 1003.493 Thread 0x000001bfe88d9ec0 Implicit null exception at 0x000001bfbef7b5df to 0x000001bfbef7bd8c
Event: 1004.185 Thread 0x000001bfe88cc630 Exception <a 'java/lang/NoClassDefFoundError'{0x00000000e91d4d58}: org/jetbrains/kotlin/gradle/plugin/KotlinPluginWrapper> (0x00000000e91d4d58) 
thrown [s\src\hotspot\share\oops\constantPool.cpp, line 871]
Event: 1004.187 Thread 0x000001bfe88cc630 Exception <a 'java/lang/NoClassDefFoundError'{0x00000000e91d7688}: org/graalvm/buildtools/gradle/NativeImagePlugin> (0x00000000e91d7688) 
thrown [s\src\hotspot\share\oops\constantPool.cpp, line 871]
Event: 1004.191 Thread 0x000001bfe88cc630 Exception <a 'java/lang/NoClassDefFoundError'{0x00000000e91d9d30}: org/cyclonedx/gradle/CycloneDxPlugin> (0x00000000e91d9d30) 
thrown [s\src\hotspot\share\oops\constantPool.cpp, line 871]

ZGC Phase Switch (0 events):
No events

VM Operations (20 events):
Event: 993.646 Executing VM operation: Cleanup
Event: 993.663 Executing VM operation: Cleanup done
Event: 995.687 Executing VM operation: Cleanup
Event: 995.748 Executing VM operation: Cleanup done
Event: 996.757 Executing VM operation: Cleanup
Event: 996.758 Executing VM operation: Cleanup done
Event: 997.768 Executing VM operation: Cleanup
Event: 997.770 Executing VM operation: Cleanup done
Event: 999.788 Executing VM operation: Cleanup
Event: 999.789 Executing VM operation: Cleanup done
Event: 1000.799 Executing VM operation: Cleanup
Event: 1000.815 Executing VM operation: Cleanup done
Event: 1001.826 Executing VM operation: Cleanup
Event: 1001.842 Executing VM operation: Cleanup done
Event: 1002.853 Executing VM operation: Cleanup
Event: 1002.854 Executing VM operation: Cleanup done
Event: 1003.867 Executing VM operation: Cleanup
Event: 1003.883 Executing VM operation: Cleanup done
Event: 1004.894 Executing VM operation: Cleanup
Event: 1004.911 Executing VM operation: Cleanup done

Events (20 events):
Event: 1003.076 Thread 0x000001bfe88d14f0 Thread added: 0x000001bfe88d14f0
Event: 1003.078 Thread 0x000001bfe88d7760 Thread added: 0x000001bfe88d7760
Event: 1003.079 Thread 0x000001bfe88d8480 Thread added: 0x000001bfe88d8480
Event: 1003.084 Thread 0x000001bfe88d8b10 Thread added: 0x000001bfe88d8b10
Event: 1003.285 Thread 0x000001bfe998b1a0 Thread exited: 0x000001bfe998b1a0
Event: 1003.460 Thread 0x000001bfe88d91a0 Thread added: 0x000001bfe88d91a0
Event: 1003.463 Thread 0x000001bfe88d2210 Thread added: 0x000001bfe88d2210
Event: 1003.467 Thread 0x000001bfe88d9830 Thread added: 0x000001bfe88d9830
Event: 1003.475 Thread 0x000001bfe88da550 Thread added: 0x000001bfe88da550
Event: 1003.477 Thread 0x000001bfe88d42e0 Thread added: 0x000001bfe88d42e0
Event: 1003.479 Thread 0x000001bfe88d9ec0 Thread added: 0x000001bfe88d9ec0
Event: 1003.481 Thread 0x000001bfe88dabe0 Thread added: 0x000001bfe88dabe0
Event: 1003.485 Thread 0x000001bfe88d3c50 Thread added: 0x000001bfe88d3c50
Event: 1003.488 Thread 0x000001bfe93ff140 Thread added: 0x000001bfe93ff140
Event: 1003.493 Thread 0x000001bfe93ffe60 Thread added: 0x000001bfe93ffe60
Event: 1003.495 Thread 0x000001bfe93fc350 Thread added: 0x000001bfe93fc350
Event: 1003.497 Thread 0x000001bfe9401210 Thread added: 0x000001bfe9401210
Event: 1003.499 Thread 0x000001bfe93ff7d0 Thread added: 0x000001bfe93ff7d0
Event: 1003.505 Thread 0x000001bfe94018a0 Thread added: 0x000001bfe94018a0
Event: 1003.507 Thread 0x000001bfe94004f0 Thread added: 0x000001bfe94004f0


Dynamic libraries:
0x00007ff7247c0000 - 0x00007ff7247ce000 	C:\Program Files\Eclipse Adoptium\jdk-21.0.2.13-hotspot\bin\java.exe
0x00007ffb45090000 - 0x00007ffb452a7000 	C:\Windows\SYSTEM32\ntdll.dll
0x00007ffb356d0000 - 0x00007ffb356eb000 	C:\Program Files\Avast Software\Avast\aswhook.dll
0x00007ffb42d20000 - 0x00007ffb42de4000 	C:\Windows\System32\KERNEL32.DLL
0x00007ffb42660000 - 0x00007ffb42a33000 	C:\Windows\System32\KERNELBASE.dll
0x00007ffb42b80000 - 0x00007ffb42c91000 	C:\Windows\System32\ucrtbase.dll
0x00007ffb2e360000 - 0x00007ffb2e378000 	C:\Program Files\Eclipse Adoptium\jdk-21.0.2.13-hotspot\bin\jli.dll
0x00007ffb070e0000 - 0x00007ffb070fb000 	C:\Program Files\Eclipse Adoptium\jdk-21.0.2.13-hotspot\bin\VCRUNTIME140.dll
0x00007ffb43160000 - 0x00007ffb43311000 	C:\Windows\System32\USER32.dll
0x00007ffb42570000 - 0x00007ffb42596000 	C:\Windows\System32\win32u.dll
0x00007ffb32870000 - 0x00007ffb32b0b000 	C:\Windows\WinSxS\amd64_microsoft.windows.common-controls_6595b64144ccf1df_6.0.22621.5262_none_2712bde373830908\COMCTL32.dll
0x00007ffb430a0000 - 0x00007ffb430c9000 	C:\Windows\System32\GDI32.dll
0x00007ffb443c0000 - 0x00007ffb44467000 	C:\Windows\System32\msvcrt.dll
0x00007ffb42440000 - 0x00007ffb42562000 	C:\Windows\System32\gdi32full.dll
0x00007ffb423a0000 - 0x00007ffb4243a000 	C:\Windows\System32\msvcp_win.dll
0x00007ffb430d0000 - 0x00007ffb43101000 	C:\Windows\System32\IMM32.DLL
0x00007ffb2e350000 - 0x00007ffb2e35c000 	C:\Program Files\Eclipse Adoptium\jdk-21.0.2.13-hotspot\bin\vcruntime140_1.dll
0x00007ffaf89f0000 - 0x00007ffaf8a7e000 	C:\Program Files\Eclipse Adoptium\jdk-21.0.2.13-hotspot\bin\msvcp140.dll
0x00007fface2b0000 - 0x00007ffacf033000 	C:\Program Files\Eclipse Adoptium\jdk-21.0.2.13-hotspot\bin\server\jvm.dll
0x00007ffb439c0000 - 0x00007ffb43a71000 	C:\Windows\System32\ADVAPI32.dll
0x00007ffb42df0000 - 0x00007ffb42e97000 	C:\Windows\System32\sechost.dll
0x00007ffb42180000 - 0x00007ffb421a8000 	C:\Windows\System32\bcrypt.dll
0x00007ffb437b0000 - 0x00007ffb438c4000 	C:\Windows\System32\RPCRT4.dll
0x00007ffb43930000 - 0x00007ffb439a1000 	C:\Windows\System32\WS2_32.dll
0x00007ffb40fd0000 - 0x00007ffb4101d000 	C:\Windows\SYSTEM32\POWRPROF.dll
0x00007ffb3a700000 - 0x00007ffb3a70a000 	C:\Windows\SYSTEM32\VERSION.dll
0x00007ffb3e100000 - 0x00007ffb3e134000 	C:\Windows\SYSTEM32\WINMM.dll
0x00007ffb40fb0000 - 0x00007ffb40fc3000 	C:\Windows\SYSTEM32\UMPDC.dll
0x00007ffb41270000 - 0x00007ffb41288000 	C:\Windows\SYSTEM32\kernel.appcore.dll
0x00007ffb070d0000 - 0x00007ffb070da000 	C:\Program Files\Eclipse Adoptium\jdk-21.0.2.13-hotspot\bin\jimage.dll
0x00007ffb39950000 - 0x00007ffb39b82000 	C:\Windows\SYSTEM32\DBGHELP.DLL
0x00007ffb449e0000 - 0x00007ffb44d73000 	C:\Windows\System32\combase.dll
0x00007ffb44470000 - 0x00007ffb44547000 	C:\Windows\System32\OLEAUT32.dll
0x00007ffb38db0000 - 0x00007ffb38de2000 	C:\Windows\SYSTEM32\dbgcore.DLL
0x00007ffb42ca0000 - 0x00007ffb42d1b000 	C:\Windows\System32\bcryptPrimitives.dll
0x00007ffb03930000 - 0x00007ffb0393f000 	C:\Program Files\Eclipse Adoptium\jdk-21.0.2.13-hotspot\bin\instrument.dll
0x00007ffb03910000 - 0x00007ffb0392f000 	C:\Program Files\Eclipse Adoptium\jdk-21.0.2.13-hotspot\bin\java.dll
0x00007ffb43a90000 - 0x00007ffb4432d000 	C:\Windows\System32\SHELL32.dll
0x00007ffb42a40000 - 0x00007ffb42b7f000 	C:\Windows\System32\wintypes.dll
0x00007ffb40080000 - 0x00007ffb4099d000 	C:\Windows\SYSTEM32\windows.storage.dll
0x00007ffb434d0000 - 0x00007ffb435db000 	C:\Windows\System32\SHCORE.dll
0x00007ffb42fc0000 - 0x00007ffb43026000 	C:\Windows\System32\shlwapi.dll
0x00007ffb420b0000 - 0x00007ffb420db000 	C:\Windows\SYSTEM32\profapi.dll
0x00007ffad0df0000 - 0x00007ffad0ec7000 	C:\Program Files\Eclipse Adoptium\jdk-21.0.2.13-hotspot\bin\jsvml.dll
0x00007ffaf8c00000 - 0x00007ffaf8c18000 	C:\Program Files\Eclipse Adoptium\jdk-21.0.2.13-hotspot\bin\zip.dll
0x00007ffb03900000 - 0x00007ffb03910000 	C:\Program Files\Eclipse Adoptium\jdk-21.0.2.13-hotspot\bin\net.dll
0x00007ffb3dfd0000 - 0x00007ffb3e0fc000 	C:\Windows\SYSTEM32\WINHTTP.dll
0x00007ffb416f0000 - 0x00007ffb4175a000 	C:\Windows\system32\mswsock.dll
0x00007ffaf8590000 - 0x00007ffaf85a6000 	C:\Program Files\Eclipse Adoptium\jdk-21.0.2.13-hotspot\bin\nio.dll
0x00007ffb02130000 - 0x00007ffb02140000 	C:\Program Files\Eclipse Adoptium\jdk-21.0.2.13-hotspot\bin\verify.dll
0x00007ffb2e380000 - 0x00007ffb2e3a7000 	C:\Users\william\.gradle\native\1def1411415f61bf3af743bc5b6707747c0891f09f0c88961ee8f79bc544acac\windows-amd64\native-platform.dll
0x00007fface230000 - 0x00007fface2a8000 	C:\Users\william\.gradle\native\0.2.7\x86_64-windows-gnu\gradle-fileevents.dll
0x00007ffafd890000 - 0x00007ffafd89a000 	C:\Program Files\Eclipse Adoptium\jdk-21.0.2.13-hotspot\bin\management.dll
0x00007ffafc6d0000 - 0x00007ffafc6db000 	C:\Program Files\Eclipse Adoptium\jdk-21.0.2.13-hotspot\bin\management_ext.dll
0x00007ffb42fb0000 - 0x00007ffb42fb8000 	C:\Windows\System32\PSAPI.DLL
0x00007ffb40c70000 - 0x00007ffb40c9d000 	C:\Windows\SYSTEM32\IPHLPAPI.DLL
0x00007ffb439b0000 - 0x00007ffb439b9000 	C:\Windows\System32\NSI.dll
0x00007ffafbd20000 - 0x00007ffafbd29000 	C:\Program Files\Eclipse Adoptium\jdk-21.0.2.13-hotspot\bin\extnet.dll
0x00007ffb41910000 - 0x00007ffb4192b000 	C:\Windows\SYSTEM32\CRYPTSP.dll
0x00007ffb411d0000 - 0x00007ffb41207000 	C:\Windows\system32\rsaenh.dll
0x00007ffb417b0000 - 0x00007ffb417d8000 	C:\Windows\SYSTEM32\USERENV.dll
0x00007ffb41930000 - 0x00007ffb4193c000 	C:\Windows\SYSTEM32\CRYPTBASE.dll
0x00007ffafb5b0000 - 0x00007ffafb5be000 	C:\Program Files\Eclipse Adoptium\jdk-21.0.2.13-hotspot\bin\sunmscapi.dll
0x00007ffb42230000 - 0x00007ffb42397000 	C:\Windows\System32\CRYPT32.dll
0x00007ffb41b40000 - 0x00007ffb41b6d000 	C:\Windows\SYSTEM32\ncrypt.dll
0x00007ffb41b00000 - 0x00007ffb41b37000 	C:\Windows\SYSTEM32\NTASN1.dll
0x00007ffb36de0000 - 0x00007ffb36de8000 	C:\Windows\system32\wshunix.dll

dbghelp: loaded successfully - version: 4.0.5 - missing functions: none
symbol engine: initialized successfully - sym options: 0x614 - pdb path: .;C:\Program Files\Eclipse Adoptium\jdk-21.0.2.13-hotspot\bin;C:\Windows\SYSTEM32;C:\Program Files\Avast Software\Avast;C:\Windows\WinSxS\amd64_microsoft.windows.common-controls_6595b64144ccf1df_6.0.22621.5262_none_2712bde373830908;C:\Program Files\Eclipse Adoptium\jdk-21.0.2.13-hotspot\bin\server;C:\Users\william\.gradle\native\1def1411415f61bf3af743bc5b6707747c0891f09f0c88961ee8f79bc544acac\windows-amd64;C:\Users\william\.gradle\native\0.2.7\x86_64-windows-gnu

VM Arguments:
jvm_args: --add-opens=java.base/java.lang=ALL-UNNAMED --add-opens=java.base/java.lang.invoke=ALL-UNNAMED --add-opens=java.base/java.util=ALL-UNNAMED --add-opens=java.prefs/java.util.prefs=ALL-UNNAMED --add-exports=jdk.compiler/com.sun.tools.javac.api=ALL-UNNAMED --add-exports=jdk.compiler/com.sun.tools.javac.util=ALL-UNNAMED --add-opens=java.base/java.util=ALL-UNNAMED --add-opens=java.prefs/java.util.prefs=ALL-UNNAMED --add-opens=java.base/java.nio.charset=ALL-UNNAMED --add-opens=java.base/java.net=ALL-UNNAMED --add-opens=java.base/java.util.concurrent.atomic=ALL-UNNAMED --add-opens=java.xml/javax.xml.namespace=ALL-UNNAMED -XX:MaxMetaspaceSize=384m -XX:+HeapDumpOnOutOfMemoryError -Xms256m -Xmx512m -Dfile.encoding=UTF-8 -Duser.country=US -Duser.language=en -Duser.variant -javaagent:C:\Users\william\.gradle\wrapper\dists\gradle-8.13-bin\5xuhj0ry160q40clulazy9h7d\gradle-8.13\lib\agents\gradle-instrumentation-agent-8.13.jar 
java_command: org.gradle.launcher.daemon.bootstrap.GradleDaemon 8.13
java_class_path (initial): C:\Users\william\.gradle\wrapper\dists\gradle-8.13-bin\5xuhj0ry160q40clulazy9h7d\gradle-8.13\lib\gradle-daemon-main-8.13.jar
Launcher Type: SUN_STANDARD

[Global flags]
     intx CICompilerCount                          = 12                                        {product} {ergonomic}
   size_t CompressedClassSpaceSize                 = 335544320                                 {product} {ergonomic}
     uint ConcGCThreads                            = 3                                         {product} {ergonomic}
     uint G1ConcRefinementThreads                  = 13                                        {product} {ergonomic}
   size_t G1HeapRegionSize                         = 1048576                                   {product} {ergonomic}
    uintx GCDrainStackTargetSize                   = 64                                        {product} {ergonomic}
     bool HeapDumpOnOutOfMemoryError               = true                                   {manageable} {command line}
   size_t InitialHeapSize                          = 268435456                                 {product} {command line}
   size_t MarkStackSize                            = 4194304                                   {product} {ergonomic}
   size_t MaxHeapSize                              = 536870912                                 {product} {command line}
   size_t MaxMetaspaceSize                         = 402653184                                 {product} {command line}
   size_t MaxNewSize                               = 321912832                                 {product} {ergonomic}
   size_t MinHeapDeltaBytes                        = 1048576                                   {product} {ergonomic}
   size_t MinHeapSize                              = 268435456                                 {product} {command line}
    uintx NonNMethodCodeHeapSize                   = 7602480                                {pd product} {ergonomic}
    uintx NonProfiledCodeHeapSize                  = 122027880                              {pd product} {ergonomic}
    uintx ProfiledCodeHeapSize                     = 122027880                              {pd product} {ergonomic}
    uintx ReservedCodeCacheSize                    = 251658240                              {pd product} {ergonomic}
     bool SegmentedCodeCache                       = true                                      {product} {ergonomic}
   size_t SoftMaxHeapSize                          = 536870912                              {manageable} {ergonomic}
     bool UseCompressedOops                        = true                           {product lp64_product} {ergonomic}
     bool UseG1GC                                  = true                                      {product} {ergonomic}
     bool UseLargePagesIndividualAllocation        = false                                  {pd product} {ergonomic}

Logging:
Log output configuration:
 #0: stdout all=warning uptime,level,tags foldmultilines=false
 #1: stderr all=off uptime,level,tags foldmultilines=false

Environment Variables:
JAVA_HOME=C:\Program Files\Java\jdk-19
PATH=C:\Program Files\Common Files\Oracle\Java\javapath;C:\Program Files (x86)\Common Files\Oracle\Java\java8path;C:\Program Files (x86)\Common Files\Oracle\Java\javapath;C:\Program Files (x86)\Microsoft Visual Studio\2022\BuildTools\VC\Tools\MSVC\14.29.30133\bin\HostX86\x86;C:\Program Files\Java\jdk-19\bin;C:\Program Files (x86)\NVIDIA Corporation\PhysX\Common;C:\Program Files\Git\cmd;C:\Program Files\NVIDIA Corporation\NVIDIA app\NvDLISR;C:\Program Files\Docker\Docker\resources\bin;C:\Program Files\Amazon\AWSCLIV2\;C:\Program Files\CMake\bin;C:\Program Files\Cloudflare\Cloudflare WARP\;C:\Program Files\PowerShell\7\;C:\Windows\System32;C:\Users\william\AppData\Local\fnm_multishells\37564_1730132076112;C:\Program Files\PowerShell\7;C:\Program Files\NVIDIA Corporation\NVIDIA NvDLISR;C:\Program Files (x86)\NVIDIA Corporation\PhysX\Common;C:\Program Files\Common Files\Oracle\Java\javapath;C:\Program Files (x86)\Common Files\Oracle\Java\java8path;C:\Program Files (x86)\Common Files\Oracle\Java\javapath;C:\Program Files\Common Files\Oracle\Java\javapath;C:\Program Files (x86)\Microsoft Visual Studio\2022\BuildTools\VC\Tools\MSVC\14.29.30133\bin\HostX86\x86;C:\Program Files\Java\jdk-19\bin;C:\Program Files\Git\cmd;C:\Program Files\dotnet\;C:\Users\william\.dotnet\tools;C:\Program Files\PuTTY\;C:\Program Files (x86)\NVIDIA Corporation\PhysX\Common;C:\Program Files\Git\cmd;C:\Users\william\AppData\Local\Microsoft\WindowsApps;C:\Users\william\AppData\Local\Programs\Microsoft VS Code\bin;C:\Program Files\JetBrains\IntelliJ IDEA 2023.3.5\bin;C:\Windows\System32\OpenSSH;C:\Program Files\Git\bin;C:\Program Files\Git\cmd;C:\Users\william\AppData\Local\Microsoft\WinGet\Packages\Schniz.fnm_Microsoft.Winget.Source_8wekyb3d8bbwe;C:\Users\william\.cargo\bin;C:\Users\william\pnpm-store\bin;C:\dev\flutter\bin;C:\Program Files\PostgreSQL\17\bin;C:\Program Files (x86)\Microsoft\Edge\Application;C:\Users\william\.dotnet\tools;C:\Program Files\JetBrains\IntelliJ IDEA 2024.3.2.2\bin;;C:\Users\william\Documents\Maven\apache-maven-3.9.9-bin\apache-maven-3.9.9\bin;
USERNAME=william
OS=Windows_NT
PROCESSOR_IDENTIFIER=AMD64 Family 23 Model 96 Stepping 1, AuthenticAMD
TMP=C:\Users\william\AppData\Local\Temp
TEMP=C:\Users\william\AppData\Local\Temp




Periodic native trim disabled

---------------  S Y S T E M  ---------------

OS:
 Windows 11 , 64 bit Build 22621 (10.0.22621.5262)
OS uptime: 0 days 22:45 hours
Hyper-V role detected

CPU: total 16 (initial active 16) (16 cores per cpu, 2 threads per core) family 23 model 96 stepping 1 microcode 0x0, cx8, cmov, fxsr, ht, mmx, 3dnowpref, sse, sse2, sse3, ssse3, sse4a, sse4.1, sse4.2, popcnt, lzcnt, tsc, tscinvbit, avx, avx2, aes, clmul, bmi1, bmi2, adx, sha, fma, vzeroupper, clflush, clflushopt, hv, rdtscp, rdpid, f16c
Processor Information for all 16 processors :
  Max Mhz: 2901, Current Mhz: 2901, Mhz Limit: 2901

Memory: 4k page, system-wide physical 7597M (69M free)
TotalPageFile size 31149M (AvailPageFile size 0M)
current process WorkingSet (physical memory assigned to process): 145M, peak: 420M
current process commit charge ("private bytes"): 538M, peak: 568M

vm_info: OpenJDK 64-Bit Server VM (21.0.2+13-LTS) for windows-amd64 JRE (21.0.2+13-LTS), built on 2024-01-16T00:00:00Z by "admin" with unknown MS VC++:1937

END.
